C51 COMPILER V9.60.0.0   SOLARMPPTCHARGER_MAIN                                             02/10/2023 14:24:29 PAGE 1   


C51 COMPILER V9.60.0.0, COMPILATION OF MODULE SOLARMPPTCHARGER_MAIN
OBJECT MODULE PLACED IN .\src/SolarMpptCharger_main.OBJ
COMPILER INVOKED BY: Z:\Applications\Simplicity Studio.app\Contents\Eclipse\developer\toolchains\keil_8051\9.60\BIN\C51.
                    -exe /Users/danjulio/SimplicityStudio/v4_workspace/SolarMpptCharger/src/SolarMpptCharger_main.c OMF2 COMPACT DEBUG OBJECT
                    -EXTEND ROM(LARGE) WARNINGLEVEL(2) FLOATFUZZY(3) OPTIMIZE(9,SPEED) DEFINE(NDEBUG=1) INTVECTOR(0X0000) INTPROMOTE INCDIR(/
                    -Users/danjulio/SimplicityStudio/v4_workspace/SolarMpptCharger/inc;/Applications/Simplicity Studio.app/Contents/Eclipse/d
                    -eveloper/sdks/8051/v4.1.7//Device/shared/si8051Base;/Applications/Simplicity Studio.app/Contents/Eclipse/developer/sdks/
                    -8051/v4.1.7//Device/EFM8SB1/inc) REGFILE(SolarMpptCharger.ORC) PRINT(.\src/SolarMpptCharger_main.lst) COND SYMBOLS CODE 
                    -PAGEWIDTH(120) PAGELENGTH(65) OBJECT(.\src/SolarMpptCharger_main.OBJ)

line level    source

   1          //=========================================================
   2          // src/SolarMpptCharger_main.c: generated by Hardware Configurator
   3          //
   4          // 12V MPPT Solar Charger system for danjuliodesigns, LLC
   5          // "MPPT SOLAR CHARGER" PCB designed to work with commonly
   6          // available 36-cell 15-35W "12V" Solar Panels and 7Ah - 18 Ah
   7          // 12V AGM sealed lead acid and LiFePO4 batteries and power 5V-based
   8          // devices with an I2C interface and status signals.
   9          //
  10          // Copyright (c) 2018-2023 danjuliodesigns, LLC.  All rights reserved.
  11          //
  12          // Implements the following functionality:
  13          //   1. MPPT Charge controller with 3 charge states:
  14          //     a. BULK - high voltage, high current bulk charge
  15          //     b. ABSORPTION - high voltage finishing charge
  16          //     c. FLOAT - low voltage maintenance charge
  17          //   2. MPPT Buck converter controller
  18          //   3. Temperature compensation with external temperature
  19          //      sensor and internal temperature sensor fallback
  20          //      (Lead Acid batteries only)
  21          //   4. Load control for discharged and recharged battery
  22          //      conditions (low-battery cutoff)
  23          //   5. I2C configuration and monitoring interface
  24          //   6. LED status indicator, Night detection and Alert
  25          //      status outputs
  26          //   7. Application enabled watchdog monitor to power-cycle the
  27          //      external device if it does not regularly communicate
  28          //      with the charger.
  29          //
  30          //
  31          // Target: Silicon Labs EFM8SB10F8G (8K Flash, 512B RAM)
  32          //
  33          // PCB Assembly Compatibility: 35-00082-01 / 35-00082-02
  34          //
  35          // IO:
  36          //   P0.0 - Unused (open-drain output)
  37          //   P0.1 - IS ADC Input - Solar current (scaled by 1/2)
  38          //   P0.2 - VB ADC Input - Battery voltage (scaled by 1/15)
  39          //   P0.3 - IS ADC Input - Battery load current (scaled by 1/2)
  40          //   P0.4 - Temp Input - 10 mV/C with 500 mV offset (0C)
  41          //   P0.5 - VS ADC Input - Solar voltage (scaled by 1/15)
  42          //   P0.6 - PWR_EN Digital Push/Pull output - Enable 5V output
  43          //   P0.7 - NIGHT Digital Push/Pull output - Status
  44          //          1: VS <= Night voltage threshold
  45          //          0: VS > Night voltage threshold
  46          //   P1.0 - ALERT_N Digital Push/Pull output - Active-low Status
  47          //          1: Battery voltage good
  48          //          0: Battery voltage low - power will switch off in 60s
  49          //   P1.1 - I2C SDA
  50          //   P1.2 - I2C SCL
C51 COMPILER V9.60.0.0   SOLARMPPTCHARGER_MAIN                                             02/10/2023 14:24:29 PAGE 2   

  51          //   P1.3 - MPPT Buck PWM Digital Push/Pull output
  52          //   P1.4 - LED Indicator Digital Push/Pull output - High drive Status
  53          //   P1.5 - PCTRL Digital Input with internal pull-up - Power Control configuration
  54          //          1: Power switch on whenever battery voltage good
  55          //          0: Power switched on only at night when battery voltage good
  56          //   P1.6 - Low Output - Set to logic 0 to make it easy to pull P1.7 down
  57          //          on PCBs
  58          //   P1.7 - Battery Type Input (pulled high) - Set low for LiFeP04,
  59          //          leave floating for Lead Acid
  60          //
  61          // Peripheral Utilization:
  62          //   ADC0 - Voltage, Current, Temperature measurements
  63          //   TIMER0 - ADC sampling trigger (~250 uSec)
  64          //   TIMER2 - Main loop evaluation control
  65          //   SMB0 - I2C interface
  66          //   PCA0 - MPPT Buck PWM output, Indicator LED PWM output,
  67          //          internal watchdog
  68          //
  69          //
  70          // SolarMpptCharger is free software: you can redistribute it and/or modify it
  71          // under the terms of the GNU Lesser General Public License as published
  72          // by the Free Software Foundation, either version 3 of the License, or
  73          // (at your option) any later version.
  74          //
  75          // SolarMpptCharger is distributed in the hope that it will be useful,
  76          // but WITHOUT ANY WARRANTY; without even the implied warranty of
  77          // MERCHANTABILITY or FITNESS FOR A PARTICULAR PURPOSE.  See the
  78          // GNU Lesser General Public License for more details.
  79          //
  80          // See <http://www.gnu.org/licenses/>.
  81          //
  82          //=========================================================
  83          
  84          //-----------------------------------------------------------------------------
  85          // Includes
  86          //-----------------------------------------------------------------------------
  87          #include <SI_EFM8SB1_Register_Enums.h>                  // SFR declarations
  88          #include "InitDevice.h"
  89          #include "adc.h"
  90          #include "buck.h"
  91          #include "charge.h"
  92          #include "config.h"
  93          #include "led.h"
  94          #include "param.h"
  95          #include "power.h"
  96          #include "smbus.h"
  97          #include "temp.h"
  98          #include "timer.h"
  99          #include "watchdog.h"
 100          
 101          // $[Generated Includes]
 102          // [Generated Includes]$
 103          
 104          //-----------------------------------------------------------------------------
 105          // Variables
 106          //-----------------------------------------------------------------------------
 107          // Main evaluation control variables
 108          uint8_t mainEvalPhase = 0;
 109          
 110          //-----------------------------------------------------------------------------
 111          // SiLabs_Startup() Routine
 112          // ----------------------------------------------------------------------------
 113          // This function is called immediately after reset, before the initialization
C51 COMPILER V9.60.0.0   SOLARMPPTCHARGER_MAIN                                             02/10/2023 14:24:29 PAGE 3   

 114          // code is run in SILABS_STARTUP.A51 (which runs before main() ). This is a
 115          // useful place to disable the watchdog timer, which is enable by default
 116          // and may trigger before main() in some instances.
 117          //-----------------------------------------------------------------------------
 118          void SiLabs_Startup(void) {
 119   1      //      WD_Disable();
 120   1              WD_Reset();
 121   1      }
 122          
 123          //-----------------------------------------------------------------------------
 124          // main() Routine
 125          // ----------------------------------------------------------------------------
 126          int main(void) {
 127   1              // Call hardware initialization routine
 128   1              enter_DefaultMode_from_RESET();
 129   1      
 130   1              // System initialization
 131   1              PARAM_Init();  // Initialize first to read battery type and load operating params
 132   1              ADC_Init();    // Initialize second to get initial external values
 133   1              BUCK_Init();
 134   1              CHARGE_Init();
 135   1              POWER_Init();
 136   1              TEMP_Init();
 137   1              WD_Init();
 138   1              LED_Init();    // Initialize after other state generating modules
 139   1              SMB_Init();    // Initialize after other state generating modules
 140   1              TIMER_Init();  // Initialize last just prior to starting main loop
 141   1      
 142   1              while (1) {
 143   2                      // Clear watchdog
 144   2                      WD_Reset();
 145   2      
 146   2                      // Update scheduling timer
 147   2                      TIMER_Update();
 148   2      
 149   2                      // 10 mSec activities
 150   2                      if (TIMER_FastTick()) {
 151   3                              LED_Update();
 152   3                      }
 153   2      
 154   2                      // 250 mSec or slower activities
 155   2                      //  Note: code execution through this path measured at 354 - 926 uSec
 156   2                      if (TIMER_SlowTick()) {
 157   3                              CHARGE_MpptUpdate();
 158   3      
 159   3                              // Once per second activities
 160   3                              switch (mainEvalPhase) {
 161   4                              case 0:
 162   4                                      TEMP_Update();
 163   4                                      break;
 164   4                              case 1:
 165   4                                      CHARGE_StateUpdate();
 166   4                                      break;
 167   4                              case 2:
 168   4                                      POWER_Update();
 169   4                                      break;
 170   4                              }
 171   3                              if (++mainEvalPhase == 4)
 172   3                                      mainEvalPhase = 0;
 173   3                      }
 174   2              }
 175   1      }
 176          
C51 COMPILER V9.60.0.0   SOLARMPPTCHARGER_MAIN                                             02/10/2023 14:24:29 PAGE 4   

 177          // $[Generated Run-time code]
 178          // [Generated Run-time code]$
 179          
 180          // $[SiLabs Startup]
 181          // [SiLabs Startup]$
 182          
C51 COMPILER V9.60.0.0   SOLARMPPTCHARGER_MAIN                                             02/10/2023 14:24:29 PAGE 5   

ASSEMBLY LISTING OF GENERATED OBJECT CODE


             ; FUNCTION SiLabs_Startup (BEGIN)
                                           ; SOURCE LINE # 118
                                           ; SOURCE LINE # 120
0000 020000      E     LJMP    WD_Reset
             ; FUNCTION SiLabs_Startup (END)

             ; FUNCTION main (BEGIN)
                                           ; SOURCE LINE # 126
                                           ; SOURCE LINE # 128
0000 120000      E     LCALL   enter_DefaultMode_from_RESET
                                           ; SOURCE LINE # 131
0003 120000      E     LCALL   PARAM_Init
                                           ; SOURCE LINE # 132
0006 120000      E     LCALL   ADC_Init
                                           ; SOURCE LINE # 133
0009 120000      E     LCALL   BUCK_Init
                                           ; SOURCE LINE # 134
000C 120000      E     LCALL   CHARGE_Init
                                           ; SOURCE LINE # 135
000F 120000      E     LCALL   POWER_Init
                                           ; SOURCE LINE # 136
0012 120000      E     LCALL   TEMP_Init
                                           ; SOURCE LINE # 137
0015 120000      E     LCALL   WD_Init
                                           ; SOURCE LINE # 138
0018 120000      E     LCALL   LED_Init
                                           ; SOURCE LINE # 139
001B 120000      E     LCALL   SMB_Init
                                           ; SOURCE LINE # 140
001E 120000      E     LCALL   TIMER_Init
0021         ?C0002:
                                           ; SOURCE LINE # 142
                                           ; SOURCE LINE # 144
0021 120000      E     LCALL   WD_Reset
                                           ; SOURCE LINE # 147
0024 120000      E     LCALL   TIMER_Update
                                           ; SOURCE LINE # 150
0027 300003            JNB     TIMER_fastTick,?C0004
                                           ; SOURCE LINE # 151
002A 120000      E     LCALL   LED_Update
                                           ; SOURCE LINE # 152
002D         ?C0004:
                                           ; SOURCE LINE # 156
002D 3000F1            JNB     TIMER_slowTick,?C0002
                                           ; SOURCE LINE # 157
0030 120000      E     LCALL   CHARGE_MpptUpdate
                                           ; SOURCE LINE # 160
0033 7800        R     MOV     R0,#LOW mainEvalPhase
0035 E2                MOVX    A,@R0
0036 14                DEC     A
0037 600C              JZ      ?C0008
0039 14                DEC     A
003A 600E              JZ      ?C0009
003C 2402              ADD     A,#02H
003E 700D              JNZ     ?C0006
                                           ; SOURCE LINE # 161
0040         ?C0007:
                                           ; SOURCE LINE # 162
0040 120000      E     LCALL   TEMP_Update
                                           ; SOURCE LINE # 163
C51 COMPILER V9.60.0.0   SOLARMPPTCHARGER_MAIN                                             02/10/2023 14:24:29 PAGE 6   

0043 8008              SJMP    ?C0006
                                           ; SOURCE LINE # 164
0045         ?C0008:
                                           ; SOURCE LINE # 165
0045 120000      E     LCALL   CHARGE_StateUpdate
                                           ; SOURCE LINE # 166
0048 8003              SJMP    ?C0006
                                           ; SOURCE LINE # 167
004A         ?C0009:
                                           ; SOURCE LINE # 168
004A 120000      E     LCALL   POWER_Update
                                           ; SOURCE LINE # 169
                                           ; SOURCE LINE # 170
004D         ?C0006:
                                           ; SOURCE LINE # 171
004D 7800        R     MOV     R0,#LOW mainEvalPhase
004F E2                MOVX    A,@R0
0050 04                INC     A
0051 F2                MOVX    @R0,A
0052 6404              XRL     A,#04H
0054 70CB              JNZ     ?C0002
                                           ; SOURCE LINE # 172
0056 F2                MOVX    @R0,A
                                           ; SOURCE LINE # 173
                                           ; SOURCE LINE # 174
0057 80C8              SJMP    ?C0002
             ; FUNCTION main (END)

C51 COMPILER V9.60.0.0   SOLARMPPTCHARGER_MAIN                                             02/10/2023 14:24:29 PAGE 7   

NAME                                    CLASS   MSPACE  TYPE    OFFSET  SIZE
====                                    =====   ======  ====    ======  ====


TEMP_Update. . . . . . . . . . . . . .  EXTERN   CODE   PROC     -----  -----
SPI0CKR. . . . . . . . . . . . . . . .  SFR      DATA   U_CHAR   00A2H  1
uint16_t . . . . . . . . . . . . . . .  TYPEDEF  -----  U_INT    -----  2
P0 . . . . . . . . . . . . . . . . . .  SFR      DATA   U_CHAR   0080H  1
PSW_OV . . . . . . . . . . . . . . . .  ABSBIT   -----  BIT      00D2H  1
XOSC0CN. . . . . . . . . . . . . . . .  SFR      DATA   U_CHAR   00B1H  1
P1 . . . . . . . . . . . . . . . . . .  SFR      DATA   U_CHAR   0090H  1
WD_Reset . . . . . . . . . . . . . . .  EXTERN   CODE   PROC     -----  -----
P2 . . . . . . . . . . . . . . . . . .  SFR      DATA   U_CHAR   00A0H  1
uint64_t . . . . . . . . . . . . . . .  TYPEDEF  -----  ARRAY    -----  8
ADC0CF . . . . . . . . . . . . . . . .  SFR      DATA   U_CHAR   0097H  1
SI_GEN_PTR_t . . . . . . . . . . . . .  TYPEDEF  -----  UNION    -----  3
  u8 . . . . . . . . . . . . . . . . .  MEMBER   -----  ARRAY    0000H  3
  gptr . . . . . . . . . . . . . . . .  MEMBER   -----  STRUCT   0000H  3
SMB0CN0_MASTER . . . . . . . . . . . .  ABSBIT   -----  BIT      00C7H  1
PCA0 . . . . . . . . . . . . . . . . .  SFR      DATA   U_INT    00F9H  2
RTC0KEY. . . . . . . . . . . . . . . .  SFR      DATA   U_CHAR   00AEH  1
EIE1 . . . . . . . . . . . . . . . . .  SFR      DATA   U_CHAR   00E6H  1
POWER_Init . . . . . . . . . . . . . .  EXTERN   CODE   PROC     -----  -----
SMB0CN0_ACK. . . . . . . . . . . . . .  ABSBIT   -----  BIT      00C1H  1
EIE2 . . . . . . . . . . . . . . . . .  SFR      DATA   U_CHAR   00E7H  1
int32_t. . . . . . . . . . . . . . . .  TYPEDEF  -----  LONG     -----  4
PSCTL. . . . . . . . . . . . . . . . .  SFR      DATA   U_CHAR   008FH  1
IT01CF . . . . . . . . . . . . . . . .  SFR      DATA   U_CHAR   00E4H  1
CS0CN0 . . . . . . . . . . . . . . . .  SFR      DATA   U_CHAR   00B0H  1
int16_t. . . . . . . . . . . . . . . .  TYPEDEF  -----  INT      -----  2
SMB0CN0_TXMODE . . . . . . . . . . . .  ABSBIT   -----  BIT      00C6H  1
DERIVID. . . . . . . . . . . . . . . .  SFR      DATA   U_CHAR   00E3H  1
CS0MD1 . . . . . . . . . . . . . . . .  SFR      DATA   U_CHAR   00AFH  1
SFRPAGE. . . . . . . . . . . . . . . .  SFR      DATA   U_CHAR   00A7H  1
CS0MD2 . . . . . . . . . . . . . . . .  SFR      DATA   U_CHAR   00F3H  1
P0MDOUT. . . . . . . . . . . . . . . .  SFR      DATA   U_CHAR   00A4H  1
CS0MD3 . . . . . . . . . . . . . . . .  SFR      DATA   U_CHAR   00F3H  1
int64_t. . . . . . . . . . . . . . . .  TYPEDEF  -----  ARRAY    -----  8
P1MDOUT. . . . . . . . . . . . . . . .  SFR      DATA   U_CHAR   00A5H  1
SI_UU32. . . . . . . . . . . . . . . .  * TAG *  -----  UNION    -----  4
  u32. . . . . . . . . . . . . . . . .  MEMBER   -----  U_LONG   0000H  4
  s32. . . . . . . . . . . . . . . . .  MEMBER   -----  LONG     0000H  4
  uu16 . . . . . . . . . . . . . . . .  MEMBER   -----  ARRAY    0000H  4
  u16. . . . . . . . . . . . . . . . .  MEMBER   -----  ARRAY    0000H  4
  s16. . . . . . . . . . . . . . . . .  MEMBER   -----  ARRAY    0000H  4
  u8 . . . . . . . . . . . . . . . . .  MEMBER   -----  ARRAY    0000H  4
  s8 . . . . . . . . . . . . . . . . .  MEMBER   -----  ARRAY    0000H  4
ADC0CN0_ADINT. . . . . . . . . . . . .  ABSBIT   -----  BIT      00EDH  1
TMR2RLH. . . . . . . . . . . . . . . .  SFR      DATA   U_CHAR   00CBH  1
P2MDOUT. . . . . . . . . . . . . . . .  SFR      DATA   U_CHAR   00A6H  1
IE . . . . . . . . . . . . . . . . . .  SFR      DATA   U_CHAR   00A8H  1
false. . . . . . . . . . . . . . . . .  E_CONST  -----  U_CHAR   -----  1
TMR3RLH. . . . . . . . . . . . . . . .  SFR      DATA   U_CHAR   0093H  1
SI_UU16. . . . . . . . . . . . . . . .  * TAG *  -----  UNION    -----  2
  u16. . . . . . . . . . . . . . . . .  MEMBER   -----  U_INT    0000H  2
  s16. . . . . . . . . . . . . . . . .  MEMBER   -----  INT      0000H  2
  u8 . . . . . . . . . . . . . . . . .  MEMBER   -----  ARRAY    0000H  2
  s8 . . . . . . . . . . . . . . . . .  MEMBER   -----  ARRAY    0000H  2
EIP1 . . . . . . . . . . . . . . . . .  SFR      DATA   U_CHAR   00F6H  1
EIP2 . . . . . . . . . . . . . . . . .  SFR      DATA   U_CHAR   00F7H  1
WD_Init. . . . . . . . . . . . . . . .  EXTERN   CODE   PROC     -----  -----
SCON0_RB8. . . . . . . . . . . . . . .  ABSBIT   -----  BIT      009AH  1
C51 COMPILER V9.60.0.0   SOLARMPPTCHARGER_MAIN                                             02/10/2023 14:24:29 PAGE 8   

NAME                                    CLASS   MSPACE  TYPE    OFFSET  SIZE
====                                    =====   ======  ====    ======  ====


TMR2RLL. . . . . . . . . . . . . . . .  SFR      DATA   U_CHAR   00CAH  1
PCA0CPH0 . . . . . . . . . . . . . . .  SFR      DATA   U_CHAR   00FCH  1
TMR3RLL. . . . . . . . . . . . . . . .  SFR      DATA   U_CHAR   0092H  1
PCA0CPH1 . . . . . . . . . . . . . . .  SFR      DATA   U_CHAR   00EAH  1
GPTR_t . . . . . . . . . . . . . . . .  TYPEDEF  -----  STRUCT   -----  3
  memtype. . . . . . . . . . . . . . .  MEMBER   -----  U_CHAR   0000H  1
  address. . . . . . . . . . . . . . .  MEMBER   -----  UNION    0001H  2
SCON0_TB8. . . . . . . . . . . . . . .  ABSBIT   -----  BIT      009BH  1
CS0CN0_CSEN. . . . . . . . . . . . . .  ABSBIT   -----  BIT      00B7H  1
B_B0 . . . . . . . . . . . . . . . . .  ABSBIT   -----  BIT      00F0H  1
DP . . . . . . . . . . . . . . . . . .  SFR      DATA   U_INT    0082H  2
PCA0CPH2 . . . . . . . . . . . . . . .  SFR      DATA   U_CHAR   00ECH  1
B_B1 . . . . . . . . . . . . . . . . .  ABSBIT   -----  BIT      00F1H  1
ADC0GT . . . . . . . . . . . . . . . .  SFR      DATA   U_INT    00C3H  2
B_B2 . . . . . . . . . . . . . . . . .  ABSBIT   -----  BIT      00F2H  1
PCA0CPL0 . . . . . . . . . . . . . . .  SFR      DATA   U_CHAR   00FBH  1
B_B3 . . . . . . . . . . . . . . . . .  ABSBIT   -----  BIT      00F3H  1
PCA0MD . . . . . . . . . . . . . . . .  SFR      DATA   U_CHAR   00D9H  1
PCA0CPM0 . . . . . . . . . . . . . . .  SFR      DATA   U_CHAR   00DAH  1
PCA0CPL1 . . . . . . . . . . . . . . .  SFR      DATA   U_CHAR   00E9H  1
CHARGE_MpptUpdate. . . . . . . . . . .  EXTERN   CODE   PROC     -----  -----
B_B4 . . . . . . . . . . . . . . . . .  ABSBIT   -----  BIT      00F4H  1
PCA0CPM1 . . . . . . . . . . . . . . .  SFR      DATA   U_CHAR   00DBH  1
PCA0CPL2 . . . . . . . . . . . . . . .  SFR      DATA   U_CHAR   00EBH  1
B_B5 . . . . . . . . . . . . . . . . .  ABSBIT   -----  BIT      00F5H  1
PCA0CPM2 . . . . . . . . . . . . . . .  SFR      DATA   U_CHAR   00DCH  1
IP . . . . . . . . . . . . . . . . . .  SFR      DATA   U_CHAR   00B8H  1
ADC0TK . . . . . . . . . . . . . . . .  SFR      DATA   U_CHAR   00BCH  1
SiLabs_Startup . . . . . . . . . . . .  PUBLIC   CODE   PROC     0000H  -----
B_B6 . . . . . . . . . . . . . . . . .  ABSBIT   -----  BIT      00F6H  1
ADC0LT . . . . . . . . . . . . . . . .  SFR      DATA   U_INT    00C5H  2
IREF0CN0 . . . . . . . . . . . . . . .  SFR      DATA   U_CHAR   00D6H  1
SCON0_MCE. . . . . . . . . . . . . . .  ABSBIT   -----  BIT      009DH  1
B_B7 . . . . . . . . . . . . . . . . .  ABSBIT   -----  BIT      00F7H  1
LED_Update . . . . . . . . . . . . . .  EXTERN   CODE   PROC     -----  -----
BUCK_Init. . . . . . . . . . . . . . .  EXTERN   CODE   PROC     -----  -----
XBR0 . . . . . . . . . . . . . . . . .  SFR      DATA   U_CHAR   00E1H  1
SMB0CF . . . . . . . . . . . . . . . .  SFR      DATA   U_CHAR   00C1H  1
XBR1 . . . . . . . . . . . . . . . . .  SFR      DATA   U_CHAR   00E2H  1
CS0SCAN0 . . . . . . . . . . . . . . .  SFR      DATA   U_CHAR   00D2H  1
SMB0CN0_STA. . . . . . . . . . . . . .  ABSBIT   -----  BIT      00C5H  1
XBR2 . . . . . . . . . . . . . . . . .  SFR      DATA   U_CHAR   00E3H  1
CS0SCAN1 . . . . . . . . . . . . . . .  SFR      DATA   U_CHAR   00D3H  1
ADC0MX . . . . . . . . . . . . . . . .  SFR      DATA   U_CHAR   0096H  1
ACC_ACC0 . . . . . . . . . . . . . . .  ABSBIT   -----  BIT      00E0H  1
REF0CN . . . . . . . . . . . . . . . .  SFR      DATA   U_CHAR   00D1H  1
HFO0CN . . . . . . . . . . . . . . . .  SFR      DATA   U_CHAR   00B2H  1
CKCON0 . . . . . . . . . . . . . . . .  SFR      DATA   U_CHAR   008EH  1
ACC_ACC1 . . . . . . . . . . . . . . .  ABSBIT   -----  BIT      00E1H  1
REG0CN . . . . . . . . . . . . . . . .  SFR      DATA   U_CHAR   00C9H  1
CRC0IN . . . . . . . . . . . . . . . .  SFR      DATA   U_CHAR   0085H  1
TIMER_fastTick . . . . . . . . . . . .  EXTERN   DATA   BIT      -----  1
TMR2CN0_TR2. . . . . . . . . . . . . .  ABSBIT   -----  BIT      00CAH  1
ACC_ACC2 . . . . . . . . . . . . . . .  ABSBIT   -----  BIT      00E2H  1
CHARGE_Init. . . . . . . . . . . . . .  EXTERN   CODE   PROC     -----  -----
ACC_ACC3 . . . . . . . . . . . . . . .  ABSBIT   -----  BIT      00E3H  1
SP . . . . . . . . . . . . . . . . . .  SFR      DATA   U_CHAR   0081H  1
CMP0MD . . . . . . . . . . . . . . . .  SFR      DATA   U_CHAR   009DH  1
C51 COMPILER V9.60.0.0   SOLARMPPTCHARGER_MAIN                                             02/10/2023 14:24:29 PAGE 9   

NAME                                    CLASS   MSPACE  TYPE    OFFSET  SIZE
====                                    =====   ======  ====    ======  ====


ACC_ACC4 . . . . . . . . . . . . . . .  ABSBIT   -----  BIT      00E4H  1
PCA0CN0_CCF0 . . . . . . . . . . . . .  ABSBIT   -----  BIT      00D8H  1
ACC_ACC5 . . . . . . . . . . . . . . .  ABSBIT   -----  BIT      00E5H  1
PCA0CN0_CCF1 . . . . . . . . . . . . .  ABSBIT   -----  BIT      00D9H  1
ACC_ACC6 . . . . . . . . . . . . . . .  ABSBIT   -----  BIT      00E6H  1
TMR2 . . . . . . . . . . . . . . . . .  SFR      DATA   U_INT    00CCH  2
main . . . . . . . . . . . . . . . . .  PUBLIC   CODE   PROC     0000H  -----
mainEvalPhase. . . . . . . . . . . . .  PUBLIC   PDATA  U_CHAR   0000H  1
PCA0CN0_CCF2 . . . . . . . . . . . . .  ABSBIT   -----  BIT      00DAH  1
ACC_ACC7 . . . . . . . . . . . . . . .  ABSBIT   -----  BIT      00E7H  1
TMR3 . . . . . . . . . . . . . . . . .  SFR      DATA   U_INT    0094H  2
CS0CN0_CSCMPF. . . . . . . . . . . . .  ABSBIT   -----  BIT      00B0H  1
SMB0CN0_ACKRQ. . . . . . . . . . . . .  ABSBIT   -----  BIT      00C3H  1
VDM0CN . . . . . . . . . . . . . . . .  SFR      DATA   U_CHAR   00FFH  1
P0MDIN . . . . . . . . . . . . . . . .  SFR      DATA   U_CHAR   00F1H  1
SCON0_REN. . . . . . . . . . . . . . .  ABSBIT   -----  BIT      009CH  1
P1MDIN . . . . . . . . . . . . . . . .  SFR      DATA   U_CHAR   00F2H  1
CS0THH . . . . . . . . . . . . . . . .  SFR      DATA   U_CHAR   00FEH  1
SMB0CN0_STO. . . . . . . . . . . . . .  ABSBIT   -----  BIT      00C4H  1
PMU0CF . . . . . . . . . . . . . . . .  SFR      DATA   U_CHAR   00B5H  1
TEMP_Init. . . . . . . . . . . . . . .  EXTERN   CODE   PROC     -----  -----
P0MASK . . . . . . . . . . . . . . . .  SFR      DATA   U_CHAR   00C7H  1
bool . . . . . . . . . . . . . . . . .  TYPEDEF  DATA   BIT      -----  1
P1MASK . . . . . . . . . . . . . . . .  SFR      DATA   U_CHAR   00BFH  1
SI_GEN_PTR . . . . . . . . . . . . . .  * TAG *  -----  UNION    -----  3
  u8 . . . . . . . . . . . . . . . . .  MEMBER   -----  ARRAY    0000H  3
  gptr . . . . . . . . . . . . . . . .  MEMBER   -----  STRUCT   0000H  3
CS0THL . . . . . . . . . . . . . . . .  SFR      DATA   U_CHAR   00FDH  1
PSW_RS0. . . . . . . . . . . . . . . .  ABSBIT   -----  BIT      00D3H  1
PCA0CN0_CF . . . . . . . . . . . . . .  ABSBIT   -----  BIT      00DFH  1
SPI0CN0_RXOVRN . . . . . . . . . . . .  ABSBIT   -----  BIT      00FCH  1
PSW_RS1. . . . . . . . . . . . . . . .  ABSBIT   -----  BIT      00D4H  1
TMR2CN0_T2XCLK0. . . . . . . . . . . .  ABSBIT   -----  BIT      00C8H  1
TMR2CN0_T2XCLK1. . . . . . . . . . . .  ABSBIT   -----  BIT      00C9H  1
ADC0CN0_ADEN . . . . . . . . . . . . .  ABSBIT   -----  BIT      00EFH  1
TMOD . . . . . . . . . . . . . . . . .  SFR      DATA   U_CHAR   0089H  1
TCON . . . . . . . . . . . . . . . . .  SFR      DATA   U_CHAR   0088H  1
PMU0MD . . . . . . . . . . . . . . . .  SFR      DATA   U_CHAR   00B5H  1
PMU0FL . . . . . . . . . . . . . . . .  SFR      DATA   U_CHAR   00CEH  1
CRC0FLIP . . . . . . . . . . . . . . .  SFR      DATA   U_CHAR   009CH  1
PSW_PARITY . . . . . . . . . . . . . .  ABSBIT   -----  BIT      00D0H  1
IE_ES0 . . . . . . . . . . . . . . . .  ABSBIT   -----  BIT      00ACH  1
CMP0MX . . . . . . . . . . . . . . . .  SFR      DATA   U_CHAR   009FH  1
IE_ET0 . . . . . . . . . . . . . . . .  ABSBIT   -----  BIT      00A9H  1
TIMER_slowTick . . . . . . . . . . . .  EXTERN   DATA   BIT      -----  1
IE_ET1 . . . . . . . . . . . . . . . .  ABSBIT   -----  BIT      00ABH  1
P0SKIP . . . . . . . . . . . . . . . .  SFR      DATA   U_CHAR   00D4H  1
IE_ET2 . . . . . . . . . . . . . . . .  ABSBIT   -----  BIT      00ADH  1
P1SKIP . . . . . . . . . . . . . . . .  SFR      DATA   U_CHAR   00D5H  1
ADC0CN0. . . . . . . . . . . . . . . .  SFR      DATA   U_CHAR   00E8H  1
IE_EX0 . . . . . . . . . . . . . . . .  ABSBIT   -----  BIT      00A8H  1
PCA0CN0_CR . . . . . . . . . . . . . .  ABSBIT   -----  BIT      00DEH  1
IE_EX1 . . . . . . . . . . . . . . . .  ABSBIT   -----  BIT      00AAH  1
ADC_Init . . . . . . . . . . . . . . .  EXTERN   CODE   PROC     -----  -----
SCON0_SMODE. . . . . . . . . . . . . .  ABSBIT   -----  BIT      009FH  1
CLKSEL . . . . . . . . . . . . . . . .  SFR      DATA   U_CHAR   00A9H  1
SPI0CN0_SPIEN. . . . . . . . . . . . .  ABSBIT   -----  BIT      00F8H  1
B. . . . . . . . . . . . . . . . . . .  SFR      DATA   U_CHAR   00F0H  1
C51 COMPILER V9.60.0.0   SOLARMPPTCHARGER_MAIN                                             02/10/2023 14:24:29 PAGE 10  

NAME                                    CLASS   MSPACE  TYPE    OFFSET  SIZE
====                                    =====   ======  ====    ======  ====


ADC0H. . . . . . . . . . . . . . . . .  SFR      DATA   U_CHAR   00BEH  1
true . . . . . . . . . . . . . . . . .  E_CONST  -----  U_CHAR   -----  1
CRC0AUTO . . . . . . . . . . . . . . .  SFR      DATA   U_CHAR   009EH  1
CS0CN0_CSBUSY. . . . . . . . . . . . .  ABSBIT   -----  BIT      00B4H  1
ADC0CN0_ADBMEN . . . . . . . . . . . .  ABSBIT   -----  BIT      00EEH  1
TMR2RL . . . . . . . . . . . . . . . .  SFR      DATA   U_INT    00CAH  2
ADC0L. . . . . . . . . . . . . . . . .  SFR      DATA   U_CHAR   00BDH  1
TMR3RL . . . . . . . . . . . . . . . .  SFR      DATA   U_INT    0092H  2
PCA0CN0. . . . . . . . . . . . . . . .  SFR      DATA   U_CHAR   00D8H  1
ACC. . . . . . . . . . . . . . . . . .  SFR      DATA   U_CHAR   00E0H  1
PCA0CP0. . . . . . . . . . . . . . . .  SFR      DATA   U_INT    00FBH  2
TIMER_Update . . . . . . . . . . . . .  EXTERN   CODE   PROC     -----  -----
PCA0CP1. . . . . . . . . . . . . . . .  SFR      DATA   U_INT    00E9H  2
PCA0CP2. . . . . . . . . . . . . . . .  SFR      DATA   U_INT    00EBH  2
CRC0CN0. . . . . . . . . . . . . . . .  SFR      DATA   U_CHAR   0084H  1
LED_Init . . . . . . . . . . . . . . .  EXTERN   CODE   PROC     -----  -----
TH0. . . . . . . . . . . . . . . . . .  SFR      DATA   U_CHAR   008CH  1
IP_PS0 . . . . . . . . . . . . . . . .  ABSBIT   -----  BIT      00BCH  1
TH1. . . . . . . . . . . . . . . . . .  SFR      DATA   U_CHAR   008DH  1
PCA0H. . . . . . . . . . . . . . . . .  SFR      DATA   U_CHAR   00FAH  1
IP_PT0 . . . . . . . . . . . . . . . .  ABSBIT   -----  BIT      00B9H  1
IP_PT1 . . . . . . . . . . . . . . . .  ABSBIT   -----  BIT      00BBH  1
uint8_t. . . . . . . . . . . . . . . .  TYPEDEF  -----  U_CHAR   -----  1
enter_DefaultMode_from_RESET . . . . .  EXTERN   CODE   PROC     -----  -----
SMB0CN0_ARBLOST. . . . . . . . . . . .  ABSBIT   -----  BIT      00C2H  1
IP_PT2 . . . . . . . . . . . . . . . .  ABSBIT   -----  BIT      00BDH  1
TL0. . . . . . . . . . . . . . . . . .  SFR      DATA   U_CHAR   008AH  1
CS0CF. . . . . . . . . . . . . . . . .  SFR      DATA   U_CHAR   00AAH  1
SPI0CN0_TXBMT. . . . . . . . . . . . .  ABSBIT   -----  BIT      00F9H  1
PSW_F0 . . . . . . . . . . . . . . . .  ABSBIT   -----  BIT      00D5H  1
IE_ESPI0 . . . . . . . . . . . . . . .  ABSBIT   -----  BIT      00AEH  1
TL1. . . . . . . . . . . . . . . . . .  SFR      DATA   U_CHAR   008BH  1
PCA0L. . . . . . . . . . . . . . . . .  SFR      DATA   U_CHAR   00F9H  1
SMB0CN0_SI . . . . . . . . . . . . . .  ABSBIT   -----  BIT      00C0H  1
PSW_F1 . . . . . . . . . . . . . . . .  ABSBIT   -----  BIT      00D1H  1
P0_B0. . . . . . . . . . . . . . . . .  ABSBIT   -----  BIT      0080H  1
IP_PX0 . . . . . . . . . . . . . . . .  ABSBIT   -----  BIT      00B8H  1
P1_B0. . . . . . . . . . . . . . . . .  ABSBIT   -----  BIT      0090H  1
P0_B1. . . . . . . . . . . . . . . . .  ABSBIT   -----  BIT      0081H  1
IP_PX1 . . . . . . . . . . . . . . . .  ABSBIT   -----  BIT      00BAH  1
CS0DH. . . . . . . . . . . . . . . . .  SFR      DATA   U_CHAR   00EEH  1
CMP0CN0. . . . . . . . . . . . . . . .  SFR      DATA   U_CHAR   009BH  1
TCON_IE0 . . . . . . . . . . . . . . .  ABSBIT   -----  BIT      0089H  1
P1_B1. . . . . . . . . . . . . . . . .  ABSBIT   -----  BIT      0091H  1
P0_B2. . . . . . . . . . . . . . . . .  ABSBIT   -----  BIT      0082H  1
TCON_IE1 . . . . . . . . . . . . . . .  ABSBIT   -----  BIT      008BH  1
P1_B2. . . . . . . . . . . . . . . . .  ABSBIT   -----  BIT      0092H  1
P0_B3. . . . . . . . . . . . . . . . .  ABSBIT   -----  BIT      0083H  1
SMB0CN0. . . . . . . . . . . . . . . .  SFR      DATA   U_CHAR   00C0H  1
POWER_Update . . . . . . . . . . . . .  EXTERN   CODE   PROC     -----  -----
P1_B3. . . . . . . . . . . . . . . . .  ABSBIT   -----  BIT      0093H  1
P0_B4. . . . . . . . . . . . . . . . .  ABSBIT   -----  BIT      0084H  1
P1_B4. . . . . . . . . . . . . . . . .  ABSBIT   -----  BIT      0094H  1
P0_B5. . . . . . . . . . . . . . . . .  ABSBIT   -----  BIT      0085H  1
CS0DL. . . . . . . . . . . . . . . . .  SFR      DATA   U_CHAR   00EDH  1
P1_B5. . . . . . . . . . . . . . . . .  ABSBIT   -----  BIT      0095H  1
P0_B6. . . . . . . . . . . . . . . . .  ABSBIT   -----  BIT      0086H  1
SMB_Init . . . . . . . . . . . . . . .  EXTERN   CODE   PROC     -----  -----
C51 COMPILER V9.60.0.0   SOLARMPPTCHARGER_MAIN                                             02/10/2023 14:24:29 PAGE 11  

NAME                                    CLASS   MSPACE  TYPE    OFFSET  SIZE
====                                    =====   ======  ====    ======  ====


P1_B6. . . . . . . . . . . . . . . . .  ABSBIT   -----  BIT      0096H  1
P0_B7. . . . . . . . . . . . . . . . .  ABSBIT   -----  BIT      0087H  1
int8_t . . . . . . . . . . . . . . . .  TYPEDEF  -----  CHAR     -----  1
P1_B7. . . . . . . . . . . . . . . . .  ABSBIT   -----  BIT      0097H  1
P2_B7. . . . . . . . . . . . . . . . .  ABSBIT   -----  BIT      00A7H  1
DPH. . . . . . . . . . . . . . . . . .  SFR      DATA   U_CHAR   0083H  1
ADC0GTH. . . . . . . . . . . . . . . .  SFR      DATA   U_CHAR   00C4H  1
TMR2CN0_TF2H . . . . . . . . . . . . .  ABSBIT   -----  BIT      00CFH  1
TMR2CN0_T2SPLIT. . . . . . . . . . . .  ABSBIT   -----  BIT      00CBH  1
PSW_AC . . . . . . . . . . . . . . . .  ABSBIT   -----  BIT      00D6H  1
SPI0CN0. . . . . . . . . . . . . . . .  SFR      DATA   U_CHAR   00F8H  1
HFO0CAL. . . . . . . . . . . . . . . .  SFR      DATA   U_CHAR   00B3H  1
CS0SE. . . . . . . . . . . . . . . . .  SFR      DATA   U_CHAR   00DEH  1
TCON_TF0 . . . . . . . . . . . . . . .  ABSBIT   -----  BIT      008DH  1
SCON0_RI . . . . . . . . . . . . . . .  ABSBIT   -----  BIT      0098H  1
DPL. . . . . . . . . . . . . . . . . .  SFR      DATA   U_CHAR   0082H  1
TCON_TF1 . . . . . . . . . . . . . . .  ABSBIT   -----  BIT      008FH  1
SBUF0. . . . . . . . . . . . . . . . .  SFR      DATA   U_CHAR   0099H  1
PCON0. . . . . . . . . . . . . . . . .  SFR      DATA   U_CHAR   0087H  1
IREF0CF. . . . . . . . . . . . . . . .  SFR      DATA   U_CHAR   00B9H  1
ADC0GTL. . . . . . . . . . . . . . . .  SFR      DATA   U_CHAR   00C3H  1
SI_UU32_t. . . . . . . . . . . . . . .  TYPEDEF  -----  UNION    -----  4
  u32. . . . . . . . . . . . . . . . .  MEMBER   -----  U_LONG   0000H  4
  s32. . . . . . . . . . . . . . . . .  MEMBER   -----  LONG     0000H  4
  uu16 . . . . . . . . . . . . . . . .  MEMBER   -----  ARRAY    0000H  4
  u16. . . . . . . . . . . . . . . . .  MEMBER   -----  ARRAY    0000H  4
  s16. . . . . . . . . . . . . . . . .  MEMBER   -----  ARRAY    0000H  4
  u8 . . . . . . . . . . . . . . . . .  MEMBER   -----  ARRAY    0000H  4
  s8 . . . . . . . . . . . . . . . . .  MEMBER   -----  ARRAY    0000H  4
TMR2CN0_TF2L . . . . . . . . . . . . .  ABSBIT   -----  BIT      00CEH  1
SCON0_TI . . . . . . . . . . . . . . .  ABSBIT   -----  BIT      0099H  1
ADC0CN0_ADCM0. . . . . . . . . . . . .  ABSBIT   -----  BIT      00E8H  1
ADC0LTH. . . . . . . . . . . . . . . .  SFR      DATA   U_CHAR   00C6H  1
TCON_IT0 . . . . . . . . . . . . . . .  ABSBIT   -----  BIT      0088H  1
CS0CN0_CSPME . . . . . . . . . . . . .  ABSBIT   -----  BIT      00B1H  1
ADC0CN0_ADCM1. . . . . . . . . . . . .  ABSBIT   -----  BIT      00E9H  1
RSTSRC . . . . . . . . . . . . . . . .  SFR      DATA   U_CHAR   00EFH  1
P0MAT. . . . . . . . . . . . . . . . .  SFR      DATA   U_CHAR   00D7H  1
CRC0DAT. . . . . . . . . . . . . . . .  SFR      DATA   U_CHAR   0086H  1
SI_UU16_t. . . . . . . . . . . . . . .  TYPEDEF  -----  UNION    -----  2
  u16. . . . . . . . . . . . . . . . .  MEMBER   -----  U_INT    0000H  2
  s16. . . . . . . . . . . . . . . . .  MEMBER   -----  INT      0000H  2
  u8 . . . . . . . . . . . . . . . . .  MEMBER   -----  ARRAY    0000H  2
  s8 . . . . . . . . . . . . . . . . .  MEMBER   -----  ARRAY    0000H  2
TCON_IT1 . . . . . . . . . . . . . . .  ABSBIT   -----  BIT      008AH  1
ADC0CN0_ADCM2. . . . . . . . . . . . .  ABSBIT   -----  BIT      00EAH  1
SCON0. . . . . . . . . . . . . . . . .  SFR      DATA   U_CHAR   0098H  1
P1MAT. . . . . . . . . . . . . . . . .  SFR      DATA   U_CHAR   00CFH  1
CS0PM. . . . . . . . . . . . . . . . .  SFR      DATA   U_CHAR   00DEH  1
ADC0CN0_ADWINT . . . . . . . . . . . .  ABSBIT   -----  BIT      00EBH  1
ADC0CN0_ADBUSY . . . . . . . . . . . .  ABSBIT   -----  BIT      00ECH  1
SMB0ADM. . . . . . . . . . . . . . . .  SFR      DATA   U_CHAR   00F5H  1
ADC0LTL. . . . . . . . . . . . . . . .  SFR      DATA   U_CHAR   00C5H  1
SPI0CN0_MODF . . . . . . . . . . . . .  ABSBIT   -----  BIT      00FDH  1
IP_PSPI0 . . . . . . . . . . . . . . .  ABSBIT   -----  BIT      00BEH  1
CS0CN0_CSEOS . . . . . . . . . . . . .  ABSBIT   -----  BIT      00B6H  1
TMR2CN0. . . . . . . . . . . . . . . .  SFR      DATA   U_CHAR   00C8H  1
PARAM_Init . . . . . . . . . . . . . .  EXTERN   CODE   PROC     -----  -----
C51 COMPILER V9.60.0.0   SOLARMPPTCHARGER_MAIN                                             02/10/2023 14:24:29 PAGE 12  

NAME                                    CLASS   MSPACE  TYPE    OFFSET  SIZE
====                                    =====   ======  ====    ======  ====


TMR3CN0. . . . . . . . . . . . . . . .  SFR      DATA   U_CHAR   0091H  1
SMB0ADR. . . . . . . . . . . . . . . .  SFR      DATA   U_CHAR   00F4H  1
TCON_TR0 . . . . . . . . . . . . . . .  ABSBIT   -----  BIT      008CH  1
CS0CN0_CSINT . . . . . . . . . . . . .  ABSBIT   -----  BIT      00B5H  1
CS0MX. . . . . . . . . . . . . . . . .  SFR      DATA   U_CHAR   00ABH  1
TMR2CN0_TF2CEN . . . . . . . . . . . .  ABSBIT   -----  BIT      00CCH  1
TCON_TR1 . . . . . . . . . . . . . . .  ABSBIT   -----  BIT      008EH  1
SMB0DAT. . . . . . . . . . . . . . . .  SFR      DATA   U_CHAR   00C2H  1
P0DRV. . . . . . . . . . . . . . . . .  SFR      DATA   U_CHAR   0099H  1
CS0SS. . . . . . . . . . . . . . . . .  SFR      DATA   U_CHAR   00DDH  1
AUX. . . . . . . . . . . . . . . . . .  ABSBIT   -----  BIT      0080H  1
TMR2H. . . . . . . . . . . . . . . . .  SFR      DATA   U_CHAR   00CDH  1
SPI0CFG. . . . . . . . . . . . . . . .  SFR      DATA   U_CHAR   00A1H  1
P1DRV. . . . . . . . . . . . . . . . .  SFR      DATA   U_CHAR   009BH  1
TMR3H. . . . . . . . . . . . . . . . .  SFR      DATA   U_CHAR   0095H  1
P2DRV. . . . . . . . . . . . . . . . .  SFR      DATA   U_CHAR   009DH  1
CRC0CNT. . . . . . . . . . . . . . . .  SFR      DATA   U_CHAR   009AH  1
TMR2L. . . . . . . . . . . . . . . . .  SFR      DATA   U_CHAR   00CCH  1
RTC0ADR. . . . . . . . . . . . . . . .  SFR      DATA   U_CHAR   00ACH  1
SPI0CN0_SPIF . . . . . . . . . . . . .  ABSBIT   -----  BIT      00FFH  1
TMR3L. . . . . . . . . . . . . . . . .  SFR      DATA   U_CHAR   0094H  1
ADC0PWR. . . . . . . . . . . . . . . .  SFR      DATA   U_CHAR   00BBH  1
IE_EA. . . . . . . . . . . . . . . . .  ABSBIT   -----  BIT      00AFH  1
RTC0DAT. . . . . . . . . . . . . . . .  SFR      DATA   U_CHAR   00ADH  1
CS0CN0_CSCMPEN . . . . . . . . . . . .  ABSBIT   -----  BIT      00B3H  1
FLSCL. . . . . . . . . . . . . . . . .  SFR      DATA   U_CHAR   00B6H  1
TMR2CN0_TF2LEN . . . . . . . . . . . .  ABSBIT   -----  BIT      00CDH  1
SPI0CN0_WCOL . . . . . . . . . . . . .  ABSBIT   -----  BIT      00FEH  1
SPI0CN0_NSSMD0 . . . . . . . . . . . .  ABSBIT   -----  BIT      00FAH  1
PSW_CY . . . . . . . . . . . . . . . .  ABSBIT   -----  BIT      00D7H  1
SPI0DAT. . . . . . . . . . . . . . . .  SFR      DATA   U_CHAR   00A3H  1
CHARGE_StateUpdate . . . . . . . . . .  EXTERN   CODE   PROC     -----  -----
SPI0CN0_NSSMD1 . . . . . . . . . . . .  ABSBIT   -----  BIT      00FBH  1
ADC0 . . . . . . . . . . . . . . . . .  SFR      DATA   U_INT    00BDH  2
TOFFH. . . . . . . . . . . . . . . . .  SFR      DATA   U_CHAR   008EH  1
TIMER_Init . . . . . . . . . . . . . .  EXTERN   CODE   PROC     -----  -----
PSW. . . . . . . . . . . . . . . . . .  SFR      DATA   U_CHAR   00D0H  1
PCA0PWM. . . . . . . . . . . . . . . .  SFR      DATA   U_CHAR   00DFH  1
REVID. . . . . . . . . . . . . . . . .  SFR      DATA   U_CHAR   00E2H  1
TOFFL. . . . . . . . . . . . . . . . .  SFR      DATA   U_CHAR   008DH  1
FLKEY. . . . . . . . . . . . . . . . .  SFR      DATA   U_CHAR   00B7H  1
uint32_t . . . . . . . . . . . . . . .  TYPEDEF  -----  U_LONG   -----  4
ADC0AC . . . . . . . . . . . . . . . .  SFR      DATA   U_CHAR   00BAH  1


MODULE INFORMATION:   STATIC OVERLAYABLE
   CODE SIZE        =     92    ----
   CONSTANT SIZE    =   ----    ----
   XDATA SIZE       =   ----    ----
   PDATA SIZE       =      1    ----
   DATA SIZE        =   ----    ----
   IDATA SIZE       =   ----    ----
   BIT SIZE         =   ----    ----
   EDATA SIZE       =   ----    ----
   HDATA SIZE       =   ----    ----
   XDATA CONST SIZE =   ----    ----
   FAR CONST SIZE   =   ----    ----
END OF MODULE INFORMATION.


C51 COMPILATION COMPLETE.  0 WARNING(S),  0 ERROR(S)
