C51 COMPILER V9.60.0.0   TEMP                                                              02/10/2023 13:46:32 PAGE 1   


C51 COMPILER V9.60.0.0, COMPILATION OF MODULE TEMP
OBJECT MODULE PLACED IN .\src/temp.OBJ
COMPILER INVOKED BY: Z:\Applications\Simplicity Studio.app\Contents\Eclipse\developer\toolchains\keil_8051\9.60\BIN\C51.
                    -exe /Users/danjulio/SimplicityStudio/v4_workspace/SolarMpptCharger/src/temp.c OMF2 COMPACT DEBUG OBJECTEXTEND ROM(LARGE)
                    - WARNINGLEVEL(2) FLOATFUZZY(3) OPTIMIZE(9,SPEED) DEFINE(NDEBUG=1) INTVECTOR(0X0000) INTPROMOTE INCDIR(/Users/danjulio/Si
                    -mplicityStudio/v4_workspace/SolarMpptCharger/inc;/Applications/Simplicity Studio.app/Contents/Eclipse/developer/sdks/805
                    -1/v4.1.7//Device/shared/si8051Base;/Applications/Simplicity Studio.app/Contents/Eclipse/developer/sdks/8051/v4.1.7//Devi
                    -ce/EFM8SB1/inc) REGFILE(SolarMpptCharger.ORC) PRINT(.\src/temp.lst) COND SYMBOLS CODE PAGEWIDTH(120) PAGELENGTH(65) OBJE
                    -CT(.\src/temp.OBJ)

line level    source

   1          /*
   2           * temp.c
   3           *
   4           * Temperature sensor module
   5           *  1. Compute temperature compensated battery voltage thresholds for
   6           *     Bulk/Absorption and Float conditions using external temperature
   7           *     sensor (if it is present) or internal temperature sensor as a
   8           *     backup if the external sensor is not present.
   9           *  2. Detect missing external temperature sensor.
  10           *  3. Update SMBus registers with temperature sensor values and missing
  11           *     temperature sensor detection.
  12           *
  13           * Copyright (c) 2018-2023 danjuliodesigns, LLC.  All rights reserved.
  14           *
  15           * SolarMpptCharger is free software: you can redistribute it and/or modify it
  16           * under the terms of the GNU Lesser General Public License as published
  17           * by the Free Software Foundation, either version 3 of the License, or
  18           * (at your option) any later version.
  19           *
  20           * SolarMpptCharger is distributed in the hope that it will be useful,
  21           * but WITHOUT ANY WARRANTY; without even the implied warranty of
  22           * MERCHANTABILITY or FITNESS FOR A PARTICULAR PURPOSE.  See the
  23           * GNU Lesser General Public License for more details.
  24           *
  25           * See <http://www.gnu.org/licenses/>.
  26           *
  27           */
  28          #include "temp.h"
  29          #include "adc.h"
  30          #include "config.h"
  31          #include "math.h"
  32          #include "param.h"
  33          #include "smbus.h"
  34          
  35          
  36          //-----------------------------------------------------------------------------
  37          // Variables
  38          //-----------------------------------------------------------------------------
  39          bool TEMP_extIsMissing;
  40          int16_t TEMP_IntTempC10;
  41          int16_t TEMP_ExtTempC10;
  42          int16_t TEMP_CurTempC10;
  43          uint16_t TEMP_compBulkMv;
  44          uint16_t TEMP_compFloatMv;
  45          
  46          
  47          
  48          //-----------------------------------------------------------------------------
  49          // API Routines
  50          //-----------------------------------------------------------------------------
C51 COMPILER V9.60.0.0   TEMP                                                              02/10/2023 13:46:32 PAGE 2   

  51          void TEMP_Init()
  52          {
  53   1              TEMP_Update();
  54   1      }
  55          
  56          
  57          void TEMP_Update()
  58          {
  59   1              int32_t t = 0;
  60   1      
  61   1              // Update temperature values
  62   1              TEMP_IntTempC10 = ADC_GetValue(ADC_MEAS_TI_INDEX);
  63   1              TEMP_ExtTempC10 = ADC_GetValue(ADC_MEAS_TE_INDEX);
  64   1      
  65   1              // Look for missing external temperature sensor
  66   1              if ((TEMP_ExtTempC10 < TEMP_MISSING_THRESH_C10) &&
  67   1                      (abs(TEMP_IntTempC10 - TEMP_ExtTempC10) > TEMP_INT_DIFF_THRESH_C10)) {
  68   2      
  69   2                      TEMP_extIsMissing = true;
  70   2                      TEMP_CurTempC10 = TEMP_IntTempC10;
  71   2              } else {
  72   2                      TEMP_extIsMissing = false;
  73   2                      TEMP_CurTempC10 = TEMP_ExtTempC10;
  74   2              }
  75   1      
  76   1              //
  77   1              // Compute temperature compensated voltage thresholds
  78   1              //
  79   1              //  Since both our temperature and compensation constant values are x 10, we have to divide
  80   1              //  by 100 to properly compute mV delta values.
  81   1              //
  82   1              // Evaluate temperature compensated charge voltage for FLOAT
  83   1              if (PARAM_GetBattIsLeadAcid()) {
  84   2                      t = ((int32_t) TEMP_CurTempC10 - 250) * V_FLOAT_COMP_X10;
  85   2                      if ((t % 100) >= 50) {
  86   3                              // Round up
  87   3                              t += 100;
  88   3                      }
  89   2              }
  90   1              TEMP_compFloatMv = (uint16_t) ((int32_t) PARAM_GetFloatMv() + (t / 100));
  91   1      
  92   1              // Evaluate temperature compensated charge voltage for BULK/ABS
  93   1              if (PARAM_GetBattIsLeadAcid()) {
  94   2                      t = ((int32_t) TEMP_CurTempC10 - 250) * V_BULK_COMP_X10;
  95   2                      if ((t % 100) >= 50) {
  96   3                              // Round up
  97   3                              t += 100;
  98   3                      }
  99   2              }
 100   1              TEMP_compBulkMv = (uint16_t) ((int32_t) PARAM_GetBulkMv() + (t / 100));
 101   1      
 102   1              // Update SMB registers
 103   1              SMB_SetStatusBit(SMB_ST_ET_MISS_MASK, TEMP_extIsMissing);
 104   1              SMB_SetIndexedValue(SMB_INDEX_I_TEMP, TEMP_IntTempC10);
 105   1              SMB_SetIndexedValue(SMB_INDEX_E_TEMP, TEMP_ExtTempC10);
 106   1      }
 107          
 108          
C51 COMPILER V9.60.0.0   TEMP                                                              02/10/2023 13:46:32 PAGE 3   

ASSEMBLY LISTING OF GENERATED OBJECT CODE


             ; FUNCTION Com000A (BEGIN)
0000         L?0011:
0000         L?0012:
0000 7800        R     MOV     R0,#LOW t
0002 E2                MOVX    A,@R0
0003 FC                MOV     R4,A
0004 08                INC     R0
0005 E2                MOVX    A,@R0
0006 FD                MOV     R5,A
0007 08                INC     R0
0008 E2                MOVX    A,@R0
0009 FE                MOV     R6,A
000A 08                INC     R0
000B E2                MOVX    A,@R0
000C 22                RET     
000D         L?0013:
000D 7800        R     MOV     R0,#LOW TEMP_CurTempC10
000F E2                MOVX    A,@R0
0010 FE                MOV     R6,A
0011 08                INC     R0
0012 E2                MOVX    A,@R0
0013 FF                MOV     R7,A
0014 EE                MOV     A,R6
0015 33                RLC     A
0016 95E0              SUBB    A,ACC
0018 FD                MOV     R5,A
0019 FC                MOV     R4,A
001A EF                MOV     A,R7
001B 2406              ADD     A,#06H
001D FF                MOV     R7,A
001E EE                MOV     A,R6
001F 34FF              ADDC    A,#0FFH
0021 FE                MOV     R6,A
0022 ED                MOV     A,R5
0023 34FF              ADDC    A,#0FFH
0025 FD                MOV     R5,A
0026 EC                MOV     A,R4
0027 34FF              ADDC    A,#0FFH
0029 FC                MOV     R4,A
002A 22                RET     
002B         L?0014:
002B 120000      E     LCALL   ?C?SLDIV
002E AC00              MOV     R4,AR0
0030 AD01              MOV     R5,AR1
0032 AE02              MOV     R6,AR2
0034 AF03              MOV     R7,AR3
0036 E4                CLR     A
0037 7B32              MOV     R3,#032H
0039 FA                MOV     R2,A
003A F9                MOV     R1,A
003B F8                MOV     R0,A
003C D3                SETB    C
003D 020000      E     LJMP    ?C?SLCMP
0040         L?0015:
0040 2464              ADD     A,#064H
0042 FF                MOV     R7,A
0043 E4                CLR     A
0044 3E                ADDC    A,R6
0045 FE                MOV     R6,A
0046 E4                CLR     A
C51 COMPILER V9.60.0.0   TEMP                                                              02/10/2023 13:46:32 PAGE 4   

0047 3D                ADDC    A,R5
0048 FD                MOV     R5,A
0049 E4                CLR     A
004A 3C                ADDC    A,R4
004B FC                MOV     R4,A
004C 7800        R     MOV     R0,#LOW t
004E 020000      E     LJMP    ?C?LSTPDATA
0051         L?0016:
0051 120000      E     LCALL   ?C?LMUL
0054 7800        R     MOV     R0,#LOW t
0056 120000      E     LCALL   ?C?LSTPDATA
0059 E4                CLR     A
005A 7B64              MOV     R3,#064H
005C FA                MOV     R2,A
005D F9                MOV     R1,A
005E F8                MOV     R0,A
005F 22                RET     
             ; FUNCTION Com000A (END)

             ; FUNCTION TEMP_Init (BEGIN)
                                           ; SOURCE LINE # 51
                                           ; SOURCE LINE # 52
                                           ; SOURCE LINE # 53
0000 020000      R     LJMP    TEMP_Update
             ; FUNCTION TEMP_Init (END)

             ; FUNCTION TEMP_Update (BEGIN)
                                           ; SOURCE LINE # 57
                                           ; SOURCE LINE # 58
                                           ; SOURCE LINE # 59
0000 7800        R     MOV     R0,#LOW t
0002 120000      E     LCALL   ?C?LSTKPDATA
0005 00                DB      00H
0006 00                DB      00H
0007 00                DB      00H
0008 00                DB      00H
                                           ; SOURCE LINE # 62
0009 7F04              MOV     R7,#04H
000B 120000      E     LCALL   _ADC_GetValue
000E 7800        R     MOV     R0,#LOW TEMP_IntTempC10
0010 EE                MOV     A,R6
0011 F2                MOVX    @R0,A
0012 08                INC     R0
0013 EF                MOV     A,R7
0014 F2                MOVX    @R0,A
                                           ; SOURCE LINE # 63
0015 7F05              MOV     R7,#05H
0017 120000      E     LCALL   _ADC_GetValue
001A 7800        R     MOV     R0,#LOW TEMP_ExtTempC10
001C EE                MOV     A,R6
001D F2                MOVX    @R0,A
001E 08                INC     R0
001F EF                MOV     A,R7
0020 F2                MOVX    @R0,A
                                           ; SOURCE LINE # 66
0021 C3                CLR     C
0022 9457              SUBB    A,#057H
0024 EE                MOV     A,R6
0025 6480              XRL     A,#080H
0027 947E              SUBB    A,#07EH
0029 5024              JNC     ?C0002
002B 18                DEC     R0
002C E2                MOVX    A,@R0
C51 COMPILER V9.60.0.0   TEMP                                                              02/10/2023 13:46:32 PAGE 5   

002D FE                MOV     R6,A
002E 08                INC     R0
002F E2                MOVX    A,@R0
0030 FF                MOV     R7,A
0031 C3                CLR     C
0032 7800        R     MOV     R0,#LOW TEMP_IntTempC10+01H
0034 E2                MOVX    A,@R0
0035 9F                SUBB    A,R7
0036 FF                MOV     R7,A
0037 18                DEC     R0
0038 E2                MOVX    A,@R0
0039 9E                SUBB    A,R6
003A FE                MOV     R6,A
003B 120000      E     LCALL   _abs
003E D3                SETB    C
003F EF                MOV     A,R7
0040 94C8              SUBB    A,#0C8H
0042 EE                MOV     A,R6
0043 6480              XRL     A,#080H
0045 9480              SUBB    A,#080H
0047 4006              JC      ?C0002
                                           ; SOURCE LINE # 67
                                           ; SOURCE LINE # 69
0049 D200        R     SETB    TEMP_extIsMissing
                                           ; SOURCE LINE # 70
004B 7800        R     MOV     R0,#LOW TEMP_IntTempC10
                                           ; SOURCE LINE # 71
004D 8004              SJMP    ?C0009
004F         ?C0002:
                                           ; SOURCE LINE # 72
004F C200        R     CLR     TEMP_extIsMissing
                                           ; SOURCE LINE # 73
0051 7800        R     MOV     R0,#LOW TEMP_ExtTempC10
0053         ?C0009:
0053 E2                MOVX    A,@R0
0054 FF                MOV     R7,A
0055 08                INC     R0
0056 E2                MOVX    A,@R0
0057 7800        R     MOV     R0,#LOW TEMP_CurTempC10
0059 CF                XCH     A,R7
005A F2                MOVX    @R0,A
005B 08                INC     R0
005C EF                MOV     A,R7
005D F2                MOVX    @R0,A
                                           ; SOURCE LINE # 74
005E         ?C0003:
                                           ; SOURCE LINE # 83
005E 300020            JNB     PARAM_battIsLeadAcid,?C0004
                                           ; SOURCE LINE # 84
0061 120000      R     LCALL   L?0013
0064 74FF              MOV     A,#0FFH
0066 7B3A              MOV     R3,#03AH
0068 FA                MOV     R2,A
0069 F9                MOV     R1,A
006A F8                MOV     R0,A
                                           ; SOURCE LINE # 85
006B 120000      R     LCALL   L?0016
006E C000              PUSH    AR0
0070 120000      R     LCALL   L?0011
0073 FF                MOV     R7,A
0074 D000              POP     AR0
0076 120000      R     LCALL   L?0014
0079 5006              JNC     ?C0004
C51 COMPILER V9.60.0.0   TEMP                                                              02/10/2023 13:46:32 PAGE 6   

                                           ; SOURCE LINE # 87
007B 120000      R     LCALL   L?0011
007E 120000      R     LCALL   L?0015
                                           ; SOURCE LINE # 88
                                           ; SOURCE LINE # 89
0081         ?C0004:
                                           ; SOURCE LINE # 90
0081 120000      E     LCALL   PARAM_GetFloatMv
0084 E4                CLR     A
0085 C006              PUSH    AR6
0087 C007              PUSH    AR7
0089 7B64              MOV     R3,#064H
008B FA                MOV     R2,A
008C F9                MOV     R1,A
008D F8                MOV     R0,A
008E C000              PUSH    AR0
0090 120000      R     LCALL   L?0012
0093 FF                MOV     R7,A
0094 D000              POP     AR0
0096 120000      E     LCALL   ?C?SLDIV
0099 AC06              MOV     R4,AR6
009B D0E0              POP     ACC
009D 2F                ADD     A,R7
009E 7800        R     MOV     R0,#LOW TEMP_compFloatMv+01H
00A0 F2                MOVX    @R0,A
00A1 D0E0              POP     ACC
00A3 3C                ADDC    A,R4
00A4 18                DEC     R0
00A5 F2                MOVX    @R0,A
                                           ; SOURCE LINE # 93
00A6 300021            JNB     PARAM_battIsLeadAcid,?C0006
                                           ; SOURCE LINE # 94
00A9 120000      R     LCALL   L?0013
00AC 7BD4              MOV     R3,#0D4H
00AE 7AFE              MOV     R2,#0FEH
00B0 79FF              MOV     R1,#0FFH
00B2 78FF              MOV     R0,#0FFH
                                           ; SOURCE LINE # 95
00B4 120000      R     LCALL   L?0016
00B7 C000              PUSH    AR0
00B9 120000      R     LCALL   L?0012
00BC FF                MOV     R7,A
00BD D000              POP     AR0
00BF 120000      R     LCALL   L?0014
00C2 5006              JNC     ?C0006
                                           ; SOURCE LINE # 97
00C4 120000      R     LCALL   L?0012
00C7 120000      R     LCALL   L?0015
                                           ; SOURCE LINE # 98
                                           ; SOURCE LINE # 99
00CA         ?C0006:
                                           ; SOURCE LINE # 100
00CA 120000      E     LCALL   PARAM_GetBulkMv
00CD E4                CLR     A
00CE C006              PUSH    AR6
00D0 C007              PUSH    AR7
00D2 7B64              MOV     R3,#064H
00D4 FA                MOV     R2,A
00D5 F9                MOV     R1,A
00D6 F8                MOV     R0,A
00D7 C000              PUSH    AR0
00D9 120000      R     LCALL   L?0012
00DC FF                MOV     R7,A
C51 COMPILER V9.60.0.0   TEMP                                                              02/10/2023 13:46:32 PAGE 7   

00DD D000              POP     AR0
00DF 120000      E     LCALL   ?C?SLDIV
00E2 AC06              MOV     R4,AR6
00E4 D0E0              POP     ACC
00E6 2F                ADD     A,R7
00E7 7800        R     MOV     R0,#LOW TEMP_compBulkMv+01H
00E9 F2                MOVX    @R0,A
00EA D0E0              POP     ACC
00EC 3C                ADDC    A,R4
00ED 18                DEC     R0
00EE F2                MOVX    @R0,A
                                           ; SOURCE LINE # 103
00EF A200        R     MOV     C,TEMP_extIsMissing
00F1 9200        E     MOV     ?_SMB_SetStatusBit?BIT,C
00F3 7F00              MOV     R7,#00H
00F5 7E10              MOV     R6,#010H
00F7 120000      E     LCALL   _SMB_SetStatusBit
                                           ; SOURCE LINE # 104
00FA 7800        R     MOV     R0,#LOW TEMP_IntTempC10
00FC E2                MOVX    A,@R0
00FD FC                MOV     R4,A
00FE 08                INC     R0
00FF E2                MOVX    A,@R0
0100 FD                MOV     R5,A
0101 7F08              MOV     R7,#08H
0103 120000      E     LCALL   _SMB_SetIndexedValue
                                           ; SOURCE LINE # 105
0106 7800        R     MOV     R0,#LOW TEMP_ExtTempC10
0108 E2                MOVX    A,@R0
0109 FC                MOV     R4,A
010A 08                INC     R0
010B E2                MOVX    A,@R0
010C FD                MOV     R5,A
010D 7F09              MOV     R7,#09H
010F 020000      E     LJMP    _SMB_SetIndexedValue
             ; FUNCTION TEMP_Update (END)

C51 COMPILER V9.60.0.0   TEMP                                                              02/10/2023 13:46:32 PAGE 8   

NAME                                    CLASS   MSPACE  TYPE    OFFSET  SIZE
====                                    =====   ======  ====    ======  ====


TEMP_Update. . . . . . . . . . . . . .  PUBLIC   CODE   PROC     0000H  -----
  t. . . . . . . . . . . . . . . . . .  AUTO     PDATA  LONG     0000H  4
SPI0CKR. . . . . . . . . . . . . . . .  SFR      DATA   U_CHAR   00A2H  1
uint16_t . . . . . . . . . . . . . . .  TYPEDEF  -----  U_INT    -----  2
P0 . . . . . . . . . . . . . . . . . .  SFR      DATA   U_CHAR   0080H  1
PSW_OV . . . . . . . . . . . . . . . .  ABSBIT   -----  BIT      00D2H  1
XOSC0CN. . . . . . . . . . . . . . . .  SFR      DATA   U_CHAR   00B1H  1
P1 . . . . . . . . . . . . . . . . . .  SFR      DATA   U_CHAR   0090H  1
TEMP_CurTempC10. . . . . . . . . . . .  PUBLIC   PDATA  INT      0000H  2
P2 . . . . . . . . . . . . . . . . . .  SFR      DATA   U_CHAR   00A0H  1
uint64_t . . . . . . . . . . . . . . .  TYPEDEF  -----  ARRAY    -----  8
TEMP_IntTempC10. . . . . . . . . . . .  PUBLIC   PDATA  INT      0002H  2
ADC0CF . . . . . . . . . . . . . . . .  SFR      DATA   U_CHAR   0097H  1
SI_GEN_PTR_t . . . . . . . . . . . . .  TYPEDEF  -----  UNION    -----  3
  u8 . . . . . . . . . . . . . . . . .  MEMBER   -----  ARRAY    0000H  3
  gptr . . . . . . . . . . . . . . . .  MEMBER   -----  STRUCT   0000H  3
SMB0CN0_MASTER . . . . . . . . . . . .  ABSBIT   -----  BIT      00C7H  1
PCA0 . . . . . . . . . . . . . . . . .  SFR      DATA   U_INT    00F9H  2
RTC0KEY. . . . . . . . . . . . . . . .  SFR      DATA   U_CHAR   00AEH  1
EIE1 . . . . . . . . . . . . . . . . .  SFR      DATA   U_CHAR   00E6H  1
SMB0CN0_ACK. . . . . . . . . . . . . .  ABSBIT   -----  BIT      00C1H  1
EIE2 . . . . . . . . . . . . . . . . .  SFR      DATA   U_CHAR   00E7H  1
int32_t. . . . . . . . . . . . . . . .  TYPEDEF  -----  LONG     -----  4
TEMP_compFloatMv . . . . . . . . . . .  PUBLIC   PDATA  U_INT    0004H  2
TEMP_extIsMissing. . . . . . . . . . .  PUBLIC   DATA   BIT      0000H  1
PSCTL. . . . . . . . . . . . . . . . .  SFR      DATA   U_CHAR   008FH  1
TEMP_ExtTempC10. . . . . . . . . . . .  PUBLIC   PDATA  INT      0006H  2
IT01CF . . . . . . . . . . . . . . . .  SFR      DATA   U_CHAR   00E4H  1
CS0CN0 . . . . . . . . . . . . . . . .  SFR      DATA   U_CHAR   00B0H  1
int16_t. . . . . . . . . . . . . . . .  TYPEDEF  -----  INT      -----  2
SMB0CN0_TXMODE . . . . . . . . . . . .  ABSBIT   -----  BIT      00C6H  1
DERIVID. . . . . . . . . . . . . . . .  SFR      DATA   U_CHAR   00E3H  1
CS0MD1 . . . . . . . . . . . . . . . .  SFR      DATA   U_CHAR   00AFH  1
SFRPAGE. . . . . . . . . . . . . . . .  SFR      DATA   U_CHAR   00A7H  1
CS0MD2 . . . . . . . . . . . . . . . .  SFR      DATA   U_CHAR   00F3H  1
P0MDOUT. . . . . . . . . . . . . . . .  SFR      DATA   U_CHAR   00A4H  1
CS0MD3 . . . . . . . . . . . . . . . .  SFR      DATA   U_CHAR   00F3H  1
int64_t. . . . . . . . . . . . . . . .  TYPEDEF  -----  ARRAY    -----  8
P1MDOUT. . . . . . . . . . . . . . . .  SFR      DATA   U_CHAR   00A5H  1
SI_UU32. . . . . . . . . . . . . . . .  * TAG *  -----  UNION    -----  4
  u32. . . . . . . . . . . . . . . . .  MEMBER   -----  U_LONG   0000H  4
  s32. . . . . . . . . . . . . . . . .  MEMBER   -----  LONG     0000H  4
  uu16 . . . . . . . . . . . . . . . .  MEMBER   -----  ARRAY    0000H  4
  u16. . . . . . . . . . . . . . . . .  MEMBER   -----  ARRAY    0000H  4
  s16. . . . . . . . . . . . . . . . .  MEMBER   -----  ARRAY    0000H  4
  u8 . . . . . . . . . . . . . . . . .  MEMBER   -----  ARRAY    0000H  4
  s8 . . . . . . . . . . . . . . . . .  MEMBER   -----  ARRAY    0000H  4
ADC0CN0_ADINT. . . . . . . . . . . . .  ABSBIT   -----  BIT      00EDH  1
TMR2RLH. . . . . . . . . . . . . . . .  SFR      DATA   U_CHAR   00CBH  1
P2MDOUT. . . . . . . . . . . . . . . .  SFR      DATA   U_CHAR   00A6H  1
IE . . . . . . . . . . . . . . . . . .  SFR      DATA   U_CHAR   00A8H  1
false. . . . . . . . . . . . . . . . .  E_CONST  -----  U_CHAR   -----  1
TMR3RLH. . . . . . . . . . . . . . . .  SFR      DATA   U_CHAR   0093H  1
SI_UU16. . . . . . . . . . . . . . . .  * TAG *  -----  UNION    -----  2
  u16. . . . . . . . . . . . . . . . .  MEMBER   -----  U_INT    0000H  2
  s16. . . . . . . . . . . . . . . . .  MEMBER   -----  INT      0000H  2
  u8 . . . . . . . . . . . . . . . . .  MEMBER   -----  ARRAY    0000H  2
  s8 . . . . . . . . . . . . . . . . .  MEMBER   -----  ARRAY    0000H  2
C51 COMPILER V9.60.0.0   TEMP                                                              02/10/2023 13:46:32 PAGE 9   

NAME                                    CLASS   MSPACE  TYPE    OFFSET  SIZE
====                                    =====   ======  ====    ======  ====


EIP1 . . . . . . . . . . . . . . . . .  SFR      DATA   U_CHAR   00F6H  1
EIP2 . . . . . . . . . . . . . . . . .  SFR      DATA   U_CHAR   00F7H  1
SCON0_RB8. . . . . . . . . . . . . . .  ABSBIT   -----  BIT      009AH  1
TMR2RLL. . . . . . . . . . . . . . . .  SFR      DATA   U_CHAR   00CAH  1
PCA0CPH0 . . . . . . . . . . . . . . .  SFR      DATA   U_CHAR   00FCH  1
TMR3RLL. . . . . . . . . . . . . . . .  SFR      DATA   U_CHAR   0092H  1
PCA0CPH1 . . . . . . . . . . . . . . .  SFR      DATA   U_CHAR   00EAH  1
GPTR_t . . . . . . . . . . . . . . . .  TYPEDEF  -----  STRUCT   -----  3
  memtype. . . . . . . . . . . . . . .  MEMBER   -----  U_CHAR   0000H  1
  address. . . . . . . . . . . . . . .  MEMBER   -----  UNION    0001H  2
SCON0_TB8. . . . . . . . . . . . . . .  ABSBIT   -----  BIT      009BH  1
CS0CN0_CSEN. . . . . . . . . . . . . .  ABSBIT   -----  BIT      00B7H  1
B_B0 . . . . . . . . . . . . . . . . .  ABSBIT   -----  BIT      00F0H  1
DP . . . . . . . . . . . . . . . . . .  SFR      DATA   U_INT    0082H  2
PCA0CPH2 . . . . . . . . . . . . . . .  SFR      DATA   U_CHAR   00ECH  1
B_B1 . . . . . . . . . . . . . . . . .  ABSBIT   -----  BIT      00F1H  1
ADC0GT . . . . . . . . . . . . . . . .  SFR      DATA   U_INT    00C3H  2
B_B2 . . . . . . . . . . . . . . . . .  ABSBIT   -----  BIT      00F2H  1
PCA0CPL0 . . . . . . . . . . . . . . .  SFR      DATA   U_CHAR   00FBH  1
B_B3 . . . . . . . . . . . . . . . . .  ABSBIT   -----  BIT      00F3H  1
PCA0MD . . . . . . . . . . . . . . . .  SFR      DATA   U_CHAR   00D9H  1
PCA0CPM0 . . . . . . . . . . . . . . .  SFR      DATA   U_CHAR   00DAH  1
PCA0CPL1 . . . . . . . . . . . . . . .  SFR      DATA   U_CHAR   00E9H  1
B_B4 . . . . . . . . . . . . . . . . .  ABSBIT   -----  BIT      00F4H  1
PCA0CPM1 . . . . . . . . . . . . . . .  SFR      DATA   U_CHAR   00DBH  1
PCA0CPL2 . . . . . . . . . . . . . . .  SFR      DATA   U_CHAR   00EBH  1
B_B5 . . . . . . . . . . . . . . . . .  ABSBIT   -----  BIT      00F5H  1
PCA0CPM2 . . . . . . . . . . . . . . .  SFR      DATA   U_CHAR   00DCH  1
IP . . . . . . . . . . . . . . . . . .  SFR      DATA   U_CHAR   00B8H  1
ADC0TK . . . . . . . . . . . . . . . .  SFR      DATA   U_CHAR   00BCH  1
B_B6 . . . . . . . . . . . . . . . . .  ABSBIT   -----  BIT      00F6H  1
ADC0LT . . . . . . . . . . . . . . . .  SFR      DATA   U_INT    00C5H  2
IREF0CN0 . . . . . . . . . . . . . . .  SFR      DATA   U_CHAR   00D6H  1
_SMB_SetStatusBit. . . . . . . . . . .  EXTERN   CODE   PROC     -----  -----
SCON0_MCE. . . . . . . . . . . . . . .  ABSBIT   -----  BIT      009DH  1
B_B7 . . . . . . . . . . . . . . . . .  ABSBIT   -----  BIT      00F7H  1
XBR0 . . . . . . . . . . . . . . . . .  SFR      DATA   U_CHAR   00E1H  1
SMB0CF . . . . . . . . . . . . . . . .  SFR      DATA   U_CHAR   00C1H  1
XBR1 . . . . . . . . . . . . . . . . .  SFR      DATA   U_CHAR   00E2H  1
CS0SCAN0 . . . . . . . . . . . . . . .  SFR      DATA   U_CHAR   00D2H  1
TEMP_compBulkMv. . . . . . . . . . . .  PUBLIC   PDATA  U_INT    0008H  2
SMB0CN0_STA. . . . . . . . . . . . . .  ABSBIT   -----  BIT      00C5H  1
XBR2 . . . . . . . . . . . . . . . . .  SFR      DATA   U_CHAR   00E3H  1
CS0SCAN1 . . . . . . . . . . . . . . .  SFR      DATA   U_CHAR   00D3H  1
ADC0MX . . . . . . . . . . . . . . . .  SFR      DATA   U_CHAR   0096H  1
ACC_ACC0 . . . . . . . . . . . . . . .  ABSBIT   -----  BIT      00E0H  1
REF0CN . . . . . . . . . . . . . . . .  SFR      DATA   U_CHAR   00D1H  1
HFO0CN . . . . . . . . . . . . . . . .  SFR      DATA   U_CHAR   00B2H  1
CKCON0 . . . . . . . . . . . . . . . .  SFR      DATA   U_CHAR   008EH  1
ACC_ACC1 . . . . . . . . . . . . . . .  ABSBIT   -----  BIT      00E1H  1
REG0CN . . . . . . . . . . . . . . . .  SFR      DATA   U_CHAR   00C9H  1
CRC0IN . . . . . . . . . . . . . . . .  SFR      DATA   U_CHAR   0085H  1
TMR2CN0_TR2. . . . . . . . . . . . . .  ABSBIT   -----  BIT      00CAH  1
ACC_ACC2 . . . . . . . . . . . . . . .  ABSBIT   -----  BIT      00E2H  1
ACC_ACC3 . . . . . . . . . . . . . . .  ABSBIT   -----  BIT      00E3H  1
SP . . . . . . . . . . . . . . . . . .  SFR      DATA   U_CHAR   0081H  1
CMP0MD . . . . . . . . . . . . . . . .  SFR      DATA   U_CHAR   009DH  1
ACC_ACC4 . . . . . . . . . . . . . . .  ABSBIT   -----  BIT      00E4H  1
C51 COMPILER V9.60.0.0   TEMP                                                              02/10/2023 13:46:32 PAGE 10  

NAME                                    CLASS   MSPACE  TYPE    OFFSET  SIZE
====                                    =====   ======  ====    ======  ====


PCA0CN0_CCF0 . . . . . . . . . . . . .  ABSBIT   -----  BIT      00D8H  1
ACC_ACC5 . . . . . . . . . . . . . . .  ABSBIT   -----  BIT      00E5H  1
PCA0CN0_CCF1 . . . . . . . . . . . . .  ABSBIT   -----  BIT      00D9H  1
ACC_ACC6 . . . . . . . . . . . . . . .  ABSBIT   -----  BIT      00E6H  1
TMR2 . . . . . . . . . . . . . . . . .  SFR      DATA   U_INT    00CCH  2
PCA0CN0_CCF2 . . . . . . . . . . . . .  ABSBIT   -----  BIT      00DAH  1
ACC_ACC7 . . . . . . . . . . . . . . .  ABSBIT   -----  BIT      00E7H  1
TMR3 . . . . . . . . . . . . . . . . .  SFR      DATA   U_INT    0094H  2
CS0CN0_CSCMPF. . . . . . . . . . . . .  ABSBIT   -----  BIT      00B0H  1
SMB0CN0_ACKRQ. . . . . . . . . . . . .  ABSBIT   -----  BIT      00C3H  1
VDM0CN . . . . . . . . . . . . . . . .  SFR      DATA   U_CHAR   00FFH  1
P0MDIN . . . . . . . . . . . . . . . .  SFR      DATA   U_CHAR   00F1H  1
PARAM_battIsLeadAcid . . . . . . . . .  EXTERN   DATA   BIT      -----  1
SCON0_REN. . . . . . . . . . . . . . .  ABSBIT   -----  BIT      009CH  1
P1MDIN . . . . . . . . . . . . . . . .  SFR      DATA   U_CHAR   00F2H  1
CS0THH . . . . . . . . . . . . . . . .  SFR      DATA   U_CHAR   00FEH  1
SMB0CN0_STO. . . . . . . . . . . . . .  ABSBIT   -----  BIT      00C4H  1
PMU0CF . . . . . . . . . . . . . . . .  SFR      DATA   U_CHAR   00B5H  1
TEMP_Init. . . . . . . . . . . . . . .  PUBLIC   CODE   PROC     0000H  -----
P0MASK . . . . . . . . . . . . . . . .  SFR      DATA   U_CHAR   00C7H  1
bool . . . . . . . . . . . . . . . . .  TYPEDEF  DATA   BIT      -----  1
P1MASK . . . . . . . . . . . . . . . .  SFR      DATA   U_CHAR   00BFH  1
SI_GEN_PTR . . . . . . . . . . . . . .  * TAG *  -----  UNION    -----  3
  u8 . . . . . . . . . . . . . . . . .  MEMBER   -----  ARRAY    0000H  3
  gptr . . . . . . . . . . . . . . . .  MEMBER   -----  STRUCT   0000H  3
CS0THL . . . . . . . . . . . . . . . .  SFR      DATA   U_CHAR   00FDH  1
PSW_RS0. . . . . . . . . . . . . . . .  ABSBIT   -----  BIT      00D3H  1
PCA0CN0_CF . . . . . . . . . . . . . .  ABSBIT   -----  BIT      00DFH  1
SPI0CN0_RXOVRN . . . . . . . . . . . .  ABSBIT   -----  BIT      00FCH  1
PSW_RS1. . . . . . . . . . . . . . . .  ABSBIT   -----  BIT      00D4H  1
PARAM_GetFloatMv . . . . . . . . . . .  EXTERN   CODE   PROC     -----  -----
TMR2CN0_T2XCLK0. . . . . . . . . . . .  ABSBIT   -----  BIT      00C8H  1
TMR2CN0_T2XCLK1. . . . . . . . . . . .  ABSBIT   -----  BIT      00C9H  1
ADC0CN0_ADEN . . . . . . . . . . . . .  ABSBIT   -----  BIT      00EFH  1
TMOD . . . . . . . . . . . . . . . . .  SFR      DATA   U_CHAR   0089H  1
TCON . . . . . . . . . . . . . . . . .  SFR      DATA   U_CHAR   0088H  1
PMU0MD . . . . . . . . . . . . . . . .  SFR      DATA   U_CHAR   00B5H  1
PMU0FL . . . . . . . . . . . . . . . .  SFR      DATA   U_CHAR   00CEH  1
CRC0FLIP . . . . . . . . . . . . . . .  SFR      DATA   U_CHAR   009CH  1
_abs . . . . . . . . . . . . . . . . .  EXTERN   CODE   PROC     -----  -----
PSW_PARITY . . . . . . . . . . . . . .  ABSBIT   -----  BIT      00D0H  1
IE_ES0 . . . . . . . . . . . . . . . .  ABSBIT   -----  BIT      00ACH  1
CMP0MX . . . . . . . . . . . . . . . .  SFR      DATA   U_CHAR   009FH  1
_SMB_SetIndexedValue . . . . . . . . .  EXTERN   CODE   PROC     -----  -----
IE_ET0 . . . . . . . . . . . . . . . .  ABSBIT   -----  BIT      00A9H  1
IE_ET1 . . . . . . . . . . . . . . . .  ABSBIT   -----  BIT      00ABH  1
P0SKIP . . . . . . . . . . . . . . . .  SFR      DATA   U_CHAR   00D4H  1
IE_ET2 . . . . . . . . . . . . . . . .  ABSBIT   -----  BIT      00ADH  1
P1SKIP . . . . . . . . . . . . . . . .  SFR      DATA   U_CHAR   00D5H  1
ADC0CN0. . . . . . . . . . . . . . . .  SFR      DATA   U_CHAR   00E8H  1
IE_EX0 . . . . . . . . . . . . . . . .  ABSBIT   -----  BIT      00A8H  1
PCA0CN0_CR . . . . . . . . . . . . . .  ABSBIT   -----  BIT      00DEH  1
IE_EX1 . . . . . . . . . . . . . . . .  ABSBIT   -----  BIT      00AAH  1
SCON0_SMODE. . . . . . . . . . . . . .  ABSBIT   -----  BIT      009FH  1
CLKSEL . . . . . . . . . . . . . . . .  SFR      DATA   U_CHAR   00A9H  1
SPI0CN0_SPIEN. . . . . . . . . . . . .  ABSBIT   -----  BIT      00F8H  1
B. . . . . . . . . . . . . . . . . . .  SFR      DATA   U_CHAR   00F0H  1
ADC0H. . . . . . . . . . . . . . . . .  SFR      DATA   U_CHAR   00BEH  1
C51 COMPILER V9.60.0.0   TEMP                                                              02/10/2023 13:46:32 PAGE 11  

NAME                                    CLASS   MSPACE  TYPE    OFFSET  SIZE
====                                    =====   ======  ====    ======  ====


true . . . . . . . . . . . . . . . . .  E_CONST  -----  U_CHAR   -----  1
CRC0AUTO . . . . . . . . . . . . . . .  SFR      DATA   U_CHAR   009EH  1
CS0CN0_CSBUSY. . . . . . . . . . . . .  ABSBIT   -----  BIT      00B4H  1
ADC0CN0_ADBMEN . . . . . . . . . . . .  ABSBIT   -----  BIT      00EEH  1
TMR2RL . . . . . . . . . . . . . . . .  SFR      DATA   U_INT    00CAH  2
ADC0L. . . . . . . . . . . . . . . . .  SFR      DATA   U_CHAR   00BDH  1
TMR3RL . . . . . . . . . . . . . . . .  SFR      DATA   U_INT    0092H  2
PCA0CN0. . . . . . . . . . . . . . . .  SFR      DATA   U_CHAR   00D8H  1
ACC. . . . . . . . . . . . . . . . . .  SFR      DATA   U_CHAR   00E0H  1
PCA0CP0. . . . . . . . . . . . . . . .  SFR      DATA   U_INT    00FBH  2
PARAM_GetBulkMv. . . . . . . . . . . .  EXTERN   CODE   PROC     -----  -----
PCA0CP1. . . . . . . . . . . . . . . .  SFR      DATA   U_INT    00E9H  2
_ADC_GetValue. . . . . . . . . . . . .  EXTERN   CODE   PROC     -----  -----
PCA0CP2. . . . . . . . . . . . . . . .  SFR      DATA   U_INT    00EBH  2
CRC0CN0. . . . . . . . . . . . . . . .  SFR      DATA   U_CHAR   0084H  1
TH0. . . . . . . . . . . . . . . . . .  SFR      DATA   U_CHAR   008CH  1
IP_PS0 . . . . . . . . . . . . . . . .  ABSBIT   -----  BIT      00BCH  1
TH1. . . . . . . . . . . . . . . . . .  SFR      DATA   U_CHAR   008DH  1
PCA0H. . . . . . . . . . . . . . . . .  SFR      DATA   U_CHAR   00FAH  1
IP_PT0 . . . . . . . . . . . . . . . .  ABSBIT   -----  BIT      00B9H  1
IP_PT1 . . . . . . . . . . . . . . . .  ABSBIT   -----  BIT      00BBH  1
uint8_t. . . . . . . . . . . . . . . .  TYPEDEF  -----  U_CHAR   -----  1
SMB0CN0_ARBLOST. . . . . . . . . . . .  ABSBIT   -----  BIT      00C2H  1
IP_PT2 . . . . . . . . . . . . . . . .  ABSBIT   -----  BIT      00BDH  1
TL0. . . . . . . . . . . . . . . . . .  SFR      DATA   U_CHAR   008AH  1
CS0CF. . . . . . . . . . . . . . . . .  SFR      DATA   U_CHAR   00AAH  1
SPI0CN0_TXBMT. . . . . . . . . . . . .  ABSBIT   -----  BIT      00F9H  1
PSW_F0 . . . . . . . . . . . . . . . .  ABSBIT   -----  BIT      00D5H  1
IE_ESPI0 . . . . . . . . . . . . . . .  ABSBIT   -----  BIT      00AEH  1
TL1. . . . . . . . . . . . . . . . . .  SFR      DATA   U_CHAR   008BH  1
PCA0L. . . . . . . . . . . . . . . . .  SFR      DATA   U_CHAR   00F9H  1
SMB0CN0_SI . . . . . . . . . . . . . .  ABSBIT   -----  BIT      00C0H  1
PSW_F1 . . . . . . . . . . . . . . . .  ABSBIT   -----  BIT      00D1H  1
P0_B0. . . . . . . . . . . . . . . . .  ABSBIT   -----  BIT      0080H  1
IP_PX0 . . . . . . . . . . . . . . . .  ABSBIT   -----  BIT      00B8H  1
P1_B0. . . . . . . . . . . . . . . . .  ABSBIT   -----  BIT      0090H  1
P0_B1. . . . . . . . . . . . . . . . .  ABSBIT   -----  BIT      0081H  1
IP_PX1 . . . . . . . . . . . . . . . .  ABSBIT   -----  BIT      00BAH  1
CS0DH. . . . . . . . . . . . . . . . .  SFR      DATA   U_CHAR   00EEH  1
CMP0CN0. . . . . . . . . . . . . . . .  SFR      DATA   U_CHAR   009BH  1
TCON_IE0 . . . . . . . . . . . . . . .  ABSBIT   -----  BIT      0089H  1
P1_B1. . . . . . . . . . . . . . . . .  ABSBIT   -----  BIT      0091H  1
P0_B2. . . . . . . . . . . . . . . . .  ABSBIT   -----  BIT      0082H  1
TCON_IE1 . . . . . . . . . . . . . . .  ABSBIT   -----  BIT      008BH  1
P1_B2. . . . . . . . . . . . . . . . .  ABSBIT   -----  BIT      0092H  1
P0_B3. . . . . . . . . . . . . . . . .  ABSBIT   -----  BIT      0083H  1
SMB0CN0. . . . . . . . . . . . . . . .  SFR      DATA   U_CHAR   00C0H  1
P1_B3. . . . . . . . . . . . . . . . .  ABSBIT   -----  BIT      0093H  1
P0_B4. . . . . . . . . . . . . . . . .  ABSBIT   -----  BIT      0084H  1
P1_B4. . . . . . . . . . . . . . . . .  ABSBIT   -----  BIT      0094H  1
P0_B5. . . . . . . . . . . . . . . . .  ABSBIT   -----  BIT      0085H  1
CS0DL. . . . . . . . . . . . . . . . .  SFR      DATA   U_CHAR   00EDH  1
P1_B5. . . . . . . . . . . . . . . . .  ABSBIT   -----  BIT      0095H  1
P0_B6. . . . . . . . . . . . . . . . .  ABSBIT   -----  BIT      0086H  1
P1_B6. . . . . . . . . . . . . . . . .  ABSBIT   -----  BIT      0096H  1
P0_B7. . . . . . . . . . . . . . . . .  ABSBIT   -----  BIT      0087H  1
int8_t . . . . . . . . . . . . . . . .  TYPEDEF  -----  CHAR     -----  1
P1_B7. . . . . . . . . . . . . . . . .  ABSBIT   -----  BIT      0097H  1
C51 COMPILER V9.60.0.0   TEMP                                                              02/10/2023 13:46:32 PAGE 12  

NAME                                    CLASS   MSPACE  TYPE    OFFSET  SIZE
====                                    =====   ======  ====    ======  ====


P2_B7. . . . . . . . . . . . . . . . .  ABSBIT   -----  BIT      00A7H  1
DPH. . . . . . . . . . . . . . . . . .  SFR      DATA   U_CHAR   0083H  1
ADC0GTH. . . . . . . . . . . . . . . .  SFR      DATA   U_CHAR   00C4H  1
TMR2CN0_TF2H . . . . . . . . . . . . .  ABSBIT   -----  BIT      00CFH  1
TMR2CN0_T2SPLIT. . . . . . . . . . . .  ABSBIT   -----  BIT      00CBH  1
PSW_AC . . . . . . . . . . . . . . . .  ABSBIT   -----  BIT      00D6H  1
SPI0CN0. . . . . . . . . . . . . . . .  SFR      DATA   U_CHAR   00F8H  1
HFO0CAL. . . . . . . . . . . . . . . .  SFR      DATA   U_CHAR   00B3H  1
CS0SE. . . . . . . . . . . . . . . . .  SFR      DATA   U_CHAR   00DEH  1
TCON_TF0 . . . . . . . . . . . . . . .  ABSBIT   -----  BIT      008DH  1
SCON0_RI . . . . . . . . . . . . . . .  ABSBIT   -----  BIT      0098H  1
DPL. . . . . . . . . . . . . . . . . .  SFR      DATA   U_CHAR   0082H  1
TCON_TF1 . . . . . . . . . . . . . . .  ABSBIT   -----  BIT      008FH  1
SBUF0. . . . . . . . . . . . . . . . .  SFR      DATA   U_CHAR   0099H  1
PCON0. . . . . . . . . . . . . . . . .  SFR      DATA   U_CHAR   0087H  1
IREF0CF. . . . . . . . . . . . . . . .  SFR      DATA   U_CHAR   00B9H  1
ADC0GTL. . . . . . . . . . . . . . . .  SFR      DATA   U_CHAR   00C3H  1
SI_UU32_t. . . . . . . . . . . . . . .  TYPEDEF  -----  UNION    -----  4
  u32. . . . . . . . . . . . . . . . .  MEMBER   -----  U_LONG   0000H  4
  s32. . . . . . . . . . . . . . . . .  MEMBER   -----  LONG     0000H  4
  uu16 . . . . . . . . . . . . . . . .  MEMBER   -----  ARRAY    0000H  4
  u16. . . . . . . . . . . . . . . . .  MEMBER   -----  ARRAY    0000H  4
  s16. . . . . . . . . . . . . . . . .  MEMBER   -----  ARRAY    0000H  4
  u8 . . . . . . . . . . . . . . . . .  MEMBER   -----  ARRAY    0000H  4
  s8 . . . . . . . . . . . . . . . . .  MEMBER   -----  ARRAY    0000H  4
TMR2CN0_TF2L . . . . . . . . . . . . .  ABSBIT   -----  BIT      00CEH  1
SCON0_TI . . . . . . . . . . . . . . .  ABSBIT   -----  BIT      0099H  1
ADC0CN0_ADCM0. . . . . . . . . . . . .  ABSBIT   -----  BIT      00E8H  1
ADC0LTH. . . . . . . . . . . . . . . .  SFR      DATA   U_CHAR   00C6H  1
TCON_IT0 . . . . . . . . . . . . . . .  ABSBIT   -----  BIT      0088H  1
CS0CN0_CSPME . . . . . . . . . . . . .  ABSBIT   -----  BIT      00B1H  1
ADC0CN0_ADCM1. . . . . . . . . . . . .  ABSBIT   -----  BIT      00E9H  1
RSTSRC . . . . . . . . . . . . . . . .  SFR      DATA   U_CHAR   00EFH  1
P0MAT. . . . . . . . . . . . . . . . .  SFR      DATA   U_CHAR   00D7H  1
CRC0DAT. . . . . . . . . . . . . . . .  SFR      DATA   U_CHAR   0086H  1
SI_UU16_t. . . . . . . . . . . . . . .  TYPEDEF  -----  UNION    -----  2
  u16. . . . . . . . . . . . . . . . .  MEMBER   -----  U_INT    0000H  2
  s16. . . . . . . . . . . . . . . . .  MEMBER   -----  INT      0000H  2
  u8 . . . . . . . . . . . . . . . . .  MEMBER   -----  ARRAY    0000H  2
  s8 . . . . . . . . . . . . . . . . .  MEMBER   -----  ARRAY    0000H  2
TCON_IT1 . . . . . . . . . . . . . . .  ABSBIT   -----  BIT      008AH  1
ADC0CN0_ADCM2. . . . . . . . . . . . .  ABSBIT   -----  BIT      00EAH  1
SCON0. . . . . . . . . . . . . . . . .  SFR      DATA   U_CHAR   0098H  1
P1MAT. . . . . . . . . . . . . . . . .  SFR      DATA   U_CHAR   00CFH  1
CS0PM. . . . . . . . . . . . . . . . .  SFR      DATA   U_CHAR   00DEH  1
ADC0CN0_ADWINT . . . . . . . . . . . .  ABSBIT   -----  BIT      00EBH  1
ADC0CN0_ADBUSY . . . . . . . . . . . .  ABSBIT   -----  BIT      00ECH  1
SMB0ADM. . . . . . . . . . . . . . . .  SFR      DATA   U_CHAR   00F5H  1
ADC0LTL. . . . . . . . . . . . . . . .  SFR      DATA   U_CHAR   00C5H  1
SPI0CN0_MODF . . . . . . . . . . . . .  ABSBIT   -----  BIT      00FDH  1
IP_PSPI0 . . . . . . . . . . . . . . .  ABSBIT   -----  BIT      00BEH  1
CS0CN0_CSEOS . . . . . . . . . . . . .  ABSBIT   -----  BIT      00B6H  1
TMR2CN0. . . . . . . . . . . . . . . .  SFR      DATA   U_CHAR   00C8H  1
TMR3CN0. . . . . . . . . . . . . . . .  SFR      DATA   U_CHAR   0091H  1
SMB0ADR. . . . . . . . . . . . . . . .  SFR      DATA   U_CHAR   00F4H  1
TCON_TR0 . . . . . . . . . . . . . . .  ABSBIT   -----  BIT      008CH  1
CS0CN0_CSINT . . . . . . . . . . . . .  ABSBIT   -----  BIT      00B5H  1
CS0MX. . . . . . . . . . . . . . . . .  SFR      DATA   U_CHAR   00ABH  1
C51 COMPILER V9.60.0.0   TEMP                                                              02/10/2023 13:46:32 PAGE 13  

NAME                                    CLASS   MSPACE  TYPE    OFFSET  SIZE
====                                    =====   ======  ====    ======  ====


TMR2CN0_TF2CEN . . . . . . . . . . . .  ABSBIT   -----  BIT      00CCH  1
TCON_TR1 . . . . . . . . . . . . . . .  ABSBIT   -----  BIT      008EH  1
SMB0DAT. . . . . . . . . . . . . . . .  SFR      DATA   U_CHAR   00C2H  1
P0DRV. . . . . . . . . . . . . . . . .  SFR      DATA   U_CHAR   0099H  1
CS0SS. . . . . . . . . . . . . . . . .  SFR      DATA   U_CHAR   00DDH  1
AUX. . . . . . . . . . . . . . . . . .  ABSBIT   -----  BIT      0080H  1
TMR2H. . . . . . . . . . . . . . . . .  SFR      DATA   U_CHAR   00CDH  1
SPI0CFG. . . . . . . . . . . . . . . .  SFR      DATA   U_CHAR   00A1H  1
P1DRV. . . . . . . . . . . . . . . . .  SFR      DATA   U_CHAR   009BH  1
TMR3H. . . . . . . . . . . . . . . . .  SFR      DATA   U_CHAR   0095H  1
P2DRV. . . . . . . . . . . . . . . . .  SFR      DATA   U_CHAR   009DH  1
CRC0CNT. . . . . . . . . . . . . . . .  SFR      DATA   U_CHAR   009AH  1
TMR2L. . . . . . . . . . . . . . . . .  SFR      DATA   U_CHAR   00CCH  1
RTC0ADR. . . . . . . . . . . . . . . .  SFR      DATA   U_CHAR   00ACH  1
SPI0CN0_SPIF . . . . . . . . . . . . .  ABSBIT   -----  BIT      00FFH  1
TMR3L. . . . . . . . . . . . . . . . .  SFR      DATA   U_CHAR   0094H  1
ADC0PWR. . . . . . . . . . . . . . . .  SFR      DATA   U_CHAR   00BBH  1
IE_EA. . . . . . . . . . . . . . . . .  ABSBIT   -----  BIT      00AFH  1
RTC0DAT. . . . . . . . . . . . . . . .  SFR      DATA   U_CHAR   00ADH  1
CS0CN0_CSCMPEN . . . . . . . . . . . .  ABSBIT   -----  BIT      00B3H  1
FLSCL. . . . . . . . . . . . . . . . .  SFR      DATA   U_CHAR   00B6H  1
TMR2CN0_TF2LEN . . . . . . . . . . . .  ABSBIT   -----  BIT      00CDH  1
SPI0CN0_WCOL . . . . . . . . . . . . .  ABSBIT   -----  BIT      00FEH  1
SPI0CN0_NSSMD0 . . . . . . . . . . . .  ABSBIT   -----  BIT      00FAH  1
PSW_CY . . . . . . . . . . . . . . . .  ABSBIT   -----  BIT      00D7H  1
SPI0DAT. . . . . . . . . . . . . . . .  SFR      DATA   U_CHAR   00A3H  1
SPI0CN0_NSSMD1 . . . . . . . . . . . .  ABSBIT   -----  BIT      00FBH  1
ADC0 . . . . . . . . . . . . . . . . .  SFR      DATA   U_INT    00BDH  2
TOFFH. . . . . . . . . . . . . . . . .  SFR      DATA   U_CHAR   008EH  1
PSW. . . . . . . . . . . . . . . . . .  SFR      DATA   U_CHAR   00D0H  1
PCA0PWM. . . . . . . . . . . . . . . .  SFR      DATA   U_CHAR   00DFH  1
REVID. . . . . . . . . . . . . . . . .  SFR      DATA   U_CHAR   00E2H  1
TOFFL. . . . . . . . . . . . . . . . .  SFR      DATA   U_CHAR   008DH  1
FLKEY. . . . . . . . . . . . . . . . .  SFR      DATA   U_CHAR   00B7H  1
uint32_t . . . . . . . . . . . . . . .  TYPEDEF  -----  U_LONG   -----  4
ADC0AC . . . . . . . . . . . . . . . .  SFR      DATA   U_CHAR   00BAH  1


MODULE INFORMATION:   STATIC OVERLAYABLE
   CODE SIZE        =    373    ----
   CONSTANT SIZE    =   ----    ----
   XDATA SIZE       =   ----    ----
   PDATA SIZE       =     10       4
   DATA SIZE        =   ----    ----
   IDATA SIZE       =   ----    ----
   BIT SIZE         =      1    ----
   EDATA SIZE       =   ----    ----
   HDATA SIZE       =   ----    ----
   XDATA CONST SIZE =   ----    ----
   FAR CONST SIZE   =   ----    ----
END OF MODULE INFORMATION.


C51 COMPILATION COMPLETE.  0 WARNING(S),  0 ERROR(S)
